#
# A fatal error has been detected by the Java Runtime Environment:
#
#  EXCEPTION_ACCESS_VIOLATION (0xc0000005) at pc=0x00007ff914dc5cbc, pid=19448, tid=18356
#
# JRE version: Java(TM) SE Runtime Environment (16.0.1+9) (build 16.0.1+9-24)
# Java VM: Java HotSpot(TM) 64-Bit Server VM (16.0.1+9-24, mixed mode, sharing, tiered, compressed oops, compressed class ptrs, g1 gc, windows-amd64)
# Problematic frame:
# V  [jvm.dll+0x3d5cbc]
#
# No core dump will be written. Minidumps are not enabled by default on client versions of Windows
#
# If you would like to submit a bug report, please visit:
#   https://bugreport.java.com/bugreport/crash.jsp
#

---------------  S U M M A R Y ------------

Command Line: -DWEB_ARCHIVE_JAR_TEST_DIR=C:\ade\workspace\jfx\rt\modules\javafx.web\build\testing\resources -Dglass.platform=Monocle -Djava.library.path=C:/ade/workspace/jfx/rt/build/sdk/bin -Djava.security.manager=allow -Dmonocle.platform=Headless -Dorg.gradle.internal.worker.tmpdir=C:\ade\workspace\jfx\rt\modules\javafx.web\build\tmp\test\work -Dorg.gradle.native=false -Dprism.order=sw -Dunstable.test=false --module-path=C:\ade\workspace\jfx\rt\build\shims\javafx.base;C:\ade\workspace\jfx\rt\build\shims\javafx.graphics;C:\ade\workspace\jfx\rt\build\shims\javafx.controls;C:\ade\workspace\jfx\rt\build\sdk\lib\javafx.media.jar;C:\ade\workspace\jfx\rt\build\shims\javafx.web --add-modules=javafx.base,javafx.graphics,javafx.controls,javafx.media,javafx.web --add-exports=javafx.graphics/com.sun.javafx.application=ALL-UNNAMED --add-exports=javafx.graphics/com.sun.glass.utils=ALL-UNNAMED --add-exports=javafx.base/com.sun.javafx.collections=ALL-UNNAMED --add-exports=javafx.base/com.sun.javafx.property=ALL-UNNAMED --add-exports=javafx.base/com.sun.javafx=ALL-UNNAMED --add-exports=javafx.base/com.sun.javafx.event=ALL-UNNAMED --add-exports=javafx.graphics/com.sun.glass.ui=ALL-UNNAMED --add-exports=javafx.graphics/com.sun.javafx.animation=ALL-UNNAMED --add-exports=javafx.graphics/com.sun.javafx.css=ALL-UNNAMED --add-exports=javafx.graphics/com.sun.javafx.css.parser=ALL-UNNAMED --add-exports=javafx.graphics/com.sun.javafx.embed=ALL-UNNAMED --add-exports=javafx.graphics/com.sun.javafx.font=ALL-UNNAMED --add-exports=javafx.graphics/com.sun.javafx.geom=ALL-UNNAMED --add-exports=javafx.graphics/com.sun.javafx.geom.transform=ALL-UNNAMED --add-exports=javafx.graphics/com.sun.javafx.iio.bmp=ALL-UNNAMED --add-exports=javafx.graphics/com.sun.javafx.iio.common=ALL-UNNAMED --add-exports=javafx.graphics/com.sun.javafx.iio.gif=ALL-UNNAMED --add-exports=javafx.graphics/com.sun.javafx.iio=ALL-UNNAMED --add-exports=javafx.graphics/com.sun.javafx.iio.png=ALL-UNNAMED --add-exports=javafx.graphics/com.sun.javafx.image.impl=ALL-UNNAMED --add-exports=javafx.graphics/com.sun.javafx.image=ALL-UNNAMED --add-exports=javafx.graphics/com.sun.javafx.menu=ALL-UNNAMED --add-exports=javafx.graphics/com.sun.javafx.perf=ALL-UNNAMED --add-exports=javafx.graphics/com.sun.javafx.print=ALL-UNNAMED --add-exports=javafx.graphics/com.sun.javafx.runtime.async=ALL-UNNAMED --add-exports=javafx.graphics/com.sun.javafx.scene.input=ALL-UNNAMED --add-exports=javafx.graphics/com.sun.javafx.scene=ALL-UNNAMED --add-exports=javafx.graphics/com.sun.javafx.scene.layout.region=ALL-UNNAMED --add-exports=javafx.graphics/com.sun.javafx.scene.text=ALL-UNNAMED --add-exports=javafx.graphics/com.sun.javafx.scene.transform=ALL-UNNAMED --add-exports=javafx.graphics/com.sun.javafx.scene.traversal=ALL-UNNAMED --add-exports=javafx.graphics/com.sun.javafx.sg.prism=ALL-UNNAMED --add-exports=javafx.graphics/com.sun.javafx.stage=ALL-UNNAMED --add-exports=javafx.graphics/com.sun.javafx.tk=ALL-UNNAMED --add-exports=javafx.graphics/com.sun.javafx.tk.quantum=ALL-UNNAMED --add-exports=javafx.graphics/com.sun.javafx.util=ALL-UNNAMED --add-exports=javafx.graphics/com.sun.prism.impl=ALL-UNNAMED --add-exports=javafx.graphics/com.sun.prism.impl.shape=ALL-UNNAMED --add-exports=javafx.graphics/com.sun.prism=ALL-UNNAMED --add-exports=javafx.graphics/com.sun.prism.paint=ALL-UNNAMED --add-exports=javafx.graphics/com.sun.scenario.animation=ALL-UNNAMED --add-exports=javafx.graphics/com.sun.scenario.animation.shared=ALL-UNNAMED --add-exports=javafx.graphics/com.sun.scenario.effect=ALL-UNNAMED --add-exports=javafx.graphics/com.sun.scenario.effect.light=ALL-UNNAMED --add-exports=javafx.graphics/com.sun.scenario=ALL-UNNAMED --add-exports=javafx.web/com.sun.javafx.scene.web=ALL-UNNAMED --add-exports=javafx.web/com.sun.javafx.webkit.prism=ALL-UNNAMED --add-exports=javafx.web/com.sun.javafx.webkit=ALL-UNNAMED --add-exports=javafx.web/com.sun.webkit.dom=ALL-UNNAMED --add-exports=javafx.web/com.sun.webkit.event=ALL-UNNAMED --add-exports=javafx.web/com.sun.webkit.graphics=ALL-UNNAMED --add-exports=javafx.web/com.sun.webkit.network=ALL-UNNAMED --add-exports=javafx.web/com.sun.webkit.text=ALL-UNNAMED --add-exports=javafx.web/com.sun.webkit=ALL-UNNAMED --add-opens=java.base/java.util=ALL-UNNAMED --add-opens=java.base/java.lang=ALL-UNNAMED -Xmx512m -Dfile.encoding=windows-1252 -Duser.country=US -Duser.language=en -Duser.variant -ea worker.org.gradle.process.internal.worker.GradleWorkerMain 'Gradle Test Executor 4'

Host: Intel(R) Core(TM) i5-8350U CPU @ 1.70GHz, 8 cores, 15G,  Windows 10 , 64 bit Build 19041 (10.0.19041.928)
Time: Tue Jul  6 08:23:58 2021 a/K elapsed time: 2.957482 seconds (0d 0h 0m 2s)

---------------  T H R E A D  ---------------

Current thread (0x00000267e02eb4c0):  JavaThread "JavaFX Application Thread" [_thread_in_vm, id=18356, stack(0x000000a31e200000,0x000000a31e300000)]

Stack: [0x000000a31e200000,0x000000a31e300000],  sp=0x000000a31e2fe100,  free space=1016k
Native frames: (J=compiled Java code, j=interpreted, Vv=VM code, C=native code)
V  [jvm.dll+0x3d5cbc]
C  [jfxwebkit.dll+0x75d30]

Java frames: (J=compiled Java code, j=interpreted, Vv=VM code)
j  com.sun.webkit.WebPage.twkCreatePage(Z)J+0 javafx.web
j  com.sun.webkit.WebPage.<init>(Lcom/sun/webkit/WebPageClient;Lcom/sun/webkit/UIClient;Lcom/sun/webkit/PolicyClient;Lcom/sun/webkit/InspectorClient;Lcom/sun/webkit/ThemeClient;Z)V+181 javafx.web
j  javafx.scene.web.WebEngine.<init>(Ljava/lang/String;Z)V+270 javafx.web
j  javafx.scene.web.WebEngine.<init>()V+3 javafx.web
j  javafx.scene.web.WebView.<init>()V+60 javafx.web
j  test.javafx.scene.web.TestBase.lambda$new$1()V+4
j  test.javafx.scene.web.TestBase$$Lambda$144+0x0000000800d2e000.run()V+4
j  com.sun.javafx.application.PlatformImpl.lambda$runLater$10(Ljava/lang/Runnable;)Ljava/lang/Void;+1 javafx.graphics
j  com.sun.javafx.application.PlatformImpl$$Lambda$147+0x0000000800d2f070.run()Ljava/lang/Object;+4 javafx.graphics
J 1313 c1 java.security.AccessController.executePrivileged(Ljava/security/PrivilegedAction;Ljava/security/AccessControlContext;Ljava/lang/Class;)Ljava/lang/Object; java.base@16.0.1 (65 bytes) @ 0x00000267cc8bf4c4 [0x00000267cc8bf360+0x0000000000000164]
j  java.security.AccessController.doPrivileged(Ljava/security/PrivilegedAction;Ljava/security/AccessControlContext;)Ljava/lang/Object;+13 java.base@16.0.1
j  com.sun.javafx.application.PlatformImpl.lambda$runLater$11(Ljava/lang/Runnable;Ljava/security/AccessControlContext;)V+7 javafx.graphics
j  com.sun.javafx.application.PlatformImpl$$Lambda$145+0x0000000800d2e808.run()V+8 javafx.graphics
j  com.sun.glass.ui.monocle.RunnableProcessor.runLoop()Ljava/lang/Object;+35 javafx.graphics
j  com.sun.glass.ui.monocle.RunnableProcessor.run()V+1 javafx.graphics
j  java.lang.Thread.run()V+11 java.base@16.0.1
v  ~StubRoutines::call_stub

siginfo: EXCEPTION_ACCESS_VIOLATION (0xc0000005), reading address 0x0000000000000000


Register to memory mapping:

RIP=0x00007ff914dc5cbc jvm.dll
RAX=0x0 is NULL
RBX=0x00000267e02eb4c0 is a thread
RCX=0x2a500e55e5710000 is an unknown value
RDX=0x00000267df11c088 is a global jni handle
RSP=0x000000a31e2fe100 is pointing into the stack for thread: 0x00000267e02eb4c0
RBP=0x000000a31e2fe208 is pointing into the stack for thread: 0x00000267e02eb4c0
RSI=0x00000267e02eb7d0 points into unknown readable memory: 0x00007ff9154633d0 | d0 33 46 15 f9 7f 00 00
RDI=0x00000267df11c088 is a global jni handle
R8 =0x0 is NULL
R9 =0x000000a31e2fe208 is pointing into the stack for thread: 0x00000267e02eb4c0
R10=0x00007ff914dc5c00 jvm.dll
R11=0x000000a31e2fe0f8 is pointing into the stack for thread: 0x00000267e02eb4c0
R12=0x00000000ffffffff is an unallocated location in the heap
R13=0x0 is NULL
R14=0x0 is NULL
R15=0x00000267e0c74f70 points into unknown readable memory: 0x00007ff91015e6c0 | c0 e6 15 10 f9 7f 00 00


Registers:
RAX=0x0000000000000000, RBX=0x00000267e02eb4c0, RCX=0x2a500e55e5710000, RDX=0x00000267df11c088
RSP=0x000000a31e2fe100, RBP=0x000000a31e2fe208, RSI=0x00000267e02eb7d0, RDI=0x00000267df11c088
R8 =0x0000000000000000, R9 =0x000000a31e2fe208, R10=0x00007ff914dc5c00, R11=0x000000a31e2fe0f8
R12=0x00000000ffffffff, R13=0x0000000000000000, R14=0x0000000000000000, R15=0x00000267e0c74f70
RIP=0x00007ff914dc5cbc, EFLAGS=0x0000000000010206

Top of Stack: (sp=0x000000a31e2fe100)
0x000000a31e2fe100:   00000267e02eb4c0 00000267e02eb7d0
0x000000a31e2fe110:   0000000000000000 0000000000000000
0x000000a31e2fe120:   0000000000000000 0000000000000000
0x000000a31e2fe130:   0000000000000000 0000000000000000
0x000000a31e2fe140:   0000000000000000 0000000000000000
0x000000a31e2fe150:   00000267e02eb4c0 00000267e0a22d38
0x000000a31e2fe160:   0000000000000498 00007ff9152e9250
0x000000a31e2fe170:   0000000000000000 0000000000000000
0x000000a31e2fe180:   0000000000000000 0000000000000000
0x000000a31e2fe190:   0000000000000000 0000000000000000
0x000000a31e2fe1a0:   00007ff912145eb8 00000000ffffffff
0x000000a31e2fe1b0:   00000267e02eb7d0 00007ff90e755d30
0x000000a31e2fe1c0:   00000267e0d072d0 00007ff9120fa0f0
0x000000a31e2fe1d0:   00000267e0a3a080 00007ff96adbfde6
0x000000a31e2fe1e0:   00007ff9120fa0f0 00007ff90fe7d64e
0x000000a31e2fe1f0:   00000267e0a3a080 0000000000000000 

Instructions: (pc=0x00007ff914dc5cbc)
0x00007ff914dc5bbc:   00 07 00 00 00 e8 3a 40 28 00 48 8b 83 18 01 00
0x00007ff914dc5bcc:   00 48 8b bc 24 d0 00 00 00 a8 01 74 08 48 8b cb
0x00007ff914dc5bdc:   e8 9f 40 2f 00 0f 28 c6 c7 83 80 03 00 00 04 00
0x00007ff914dc5bec:   00 00 0f 28 b4 24 b0 00 00 00 48 81 c4 e0 00 00
0x00007ff914dc5bfc:   00 5b c3 cc 48 89 5c 24 08 48 89 6c 24 10 48 89
0x00007ff914dc5c0c:   74 24 18 57 41 54 41 56 48 81 ec a0 00 00 00 8b
0x00007ff914dc5c1c:   81 88 00 00 00 48 8d 99 f0 fc ff ff 05 55 21 ff
0x00007ff914dc5c2c:   ff 49 8b e9 4d 8b f0 48 8b fa 48 8b f1 83 f8 01
0x00007ff914dc5c3c:   76 0a 48 8b cb e8 2a 3e 3a 00 33 db c7 83 80 03
0x00007ff914dc5c4c:   00 00 05 00 00 00 e8 a9 3f 28 00 48 8b 03 48 8b
0x00007ff914dc5c5c:   cb ff 50 38 84 c0 74 0b 48 8b 83 18 01 00 00 24
0x00007ff914dc5c6c:   01 eb 0b 8b 05 db b4 71 00 85 c0 0f 95 c0 84 c0
0x00007ff914dc5c7c:   75 0d 8b 83 e8 00 00 00 a9 0c 00 00 20 74 08 48
0x00007ff914dc5c8c:   8b cb e8 ad 43 3a 00 c7 83 80 03 00 00 06 00 00
0x00007ff914dc5c9c:   00 48 83 7b 08 00 48 89 5c 24 50 48 c7 44 24 58
0x00007ff914dc5cac:   00 00 00 00 74 0a 48 8d 4c 24 50 e8 d4 db 2b 00
0x00007ff914dc5cbc:   49 8b 16 48 8d 4c 24 70 c7 44 24 40 04 00 00 00
0x00007ff914dc5ccc:   e8 3f f7 00 00 48 89 ac 24 98 00 00 00 4c 8d 25
0x00007ff914dc5cdc:   08 36 52 00 4c 89 64 24 70 40 f6 c7 01 74 0c 48
0x00007ff914dc5cec:   8d 4f ff ff 15 0b af 69 00 eb 09 48 8b cf ff 15
0x00007ff914dc5cfc:   20 33 69 00 8b 15 56 2b 70 00 48 8b c8 e8 42 f0
0x00007ff914dc5d0c:   27 00 48 8b d3 48 8b c8 4c 8b 00 41 ff 90 b0 00
0x00007ff914dc5d1c:   00 00 48 83 7b 08 00 75 35 48 8d 44 24 70 48 89
0x00007ff914dc5d2c:   5c 24 30 48 89 44 24 28 48 8d 54 24 40 45 33 c9
0x00007ff914dc5d3c:   4c 89 74 24 20 45 33 c0 48 8b ce e8 64 0b 01 00
0x00007ff914dc5d4c:   48 83 7b 08 00 75 07 0f b6 74 24 48 eb 03 40 32
0x00007ff914dc5d5c:   f6 48 83 7c 24 58 00 4c 89 64 24 70 48 c7 84 24
0x00007ff914dc5d6c:   98 00 00 00 00 00 00 00 74 0a 48 8d 4c 24 50 e8
0x00007ff914dc5d7c:   b0 db 2b 00 48 8b bb 00 01 00 00 48 8b 4f 10 48
0x00007ff914dc5d8c:   83 39 00 74 0c 48 8b cf e8 37 c6 f6 ff 48 8b 4f
0x00007ff914dc5d9c:   10 48 8b 47 08 48 89 48 10 48 8b 4f 08 48 8b 47
0x00007ff914dc5dac:   18 48 89 41 18 48 8b 57 08 48 8b 4f 20 48 89 4a 


Stack slot to memory mapping:
stack at sp + 0 slots: 0x00000267e02eb4c0 is a thread
stack at sp + 1 slots: 0x00000267e02eb7d0 points into unknown readable memory: 0x00007ff9154633d0 | d0 33 46 15 f9 7f 00 00
stack at sp + 2 slots: 0x0 is NULL
stack at sp + 3 slots: 0x0 is NULL
stack at sp + 4 slots: 0x0 is NULL
stack at sp + 5 slots: 0x0 is NULL
stack at sp + 6 slots: 0x0 is NULL
stack at sp + 7 slots: 0x0 is NULL


---------------  P R O C E S S  ---------------

Threads class SMR info:
_java_thread_list=0x00000267e0a80860, length=18, elements={
0x00000267c495ee10, 0x00000267df114710, 0x00000267df117230, 0x00000267df12bc90,
0x00000267df12e6b0, 0x00000267df1310d0, 0x00000267df1319e0, 0x00000267df1326d0,
0x00000267df13b0e0, 0x00000267df15ba40, 0x00000267df0f8ea0, 0x00000267e005f270,
0x00000267e0289040, 0x00000267e0a14180, 0x00000267e0ab13c0, 0x00000267e0a1a010,
0x00000267e02eb4c0, 0x00000267e0a80050
}

Java Threads: ( => current thread )
  0x00000267c495ee10 JavaThread "main" [_thread_blocked, id=10868, stack(0x000000a31c500000,0x000000a31c600000)]
  0x00000267df114710 JavaThread "Reference Handler" daemon [_thread_blocked, id=14860, stack(0x000000a31cc00000,0x000000a31cd00000)]
  0x00000267df117230 JavaThread "Finalizer" daemon [_thread_blocked, id=10760, stack(0x000000a31cd00000,0x000000a31ce00000)]
  0x00000267df12bc90 JavaThread "Signal Dispatcher" daemon [_thread_blocked, id=5960, stack(0x000000a31ce00000,0x000000a31cf00000)]
  0x00000267df12e6b0 JavaThread "Attach Listener" daemon [_thread_blocked, id=8392, stack(0x000000a31cf00000,0x000000a31d000000)]
  0x00000267df1310d0 JavaThread "Service Thread" daemon [_thread_blocked, id=13576, stack(0x000000a31d000000,0x000000a31d100000)]
  0x00000267df1319e0 JavaThread "Monitor Deflation Thread" daemon [_thread_blocked, id=14596, stack(0x000000a31d100000,0x000000a31d200000)]
  0x00000267df1326d0 JavaThread "C2 CompilerThread0" daemon [_thread_blocked, id=6132, stack(0x000000a31d200000,0x000000a31d300000)]
  0x00000267df13b0e0 JavaThread "C1 CompilerThread0" daemon [_thread_blocked, id=7988, stack(0x000000a31d300000,0x000000a31d400000)]
  0x00000267df15ba40 JavaThread "Sweeper thread" daemon [_thread_blocked, id=16028, stack(0x000000a31d400000,0x000000a31d500000)]
  0x00000267df0f8ea0 JavaThread "Common-Cleaner" daemon [_thread_blocked, id=1896, stack(0x000000a31d500000,0x000000a31d600000)]
  0x00000267e005f270 JavaThread "Notification Thread" daemon [_thread_blocked, id=2924, stack(0x000000a31dc00000,0x000000a31dd00000)]
  0x00000267e0289040 JavaThread "Test worker" [_thread_blocked, id=16732, stack(0x000000a31df00000,0x000000a31e000000)]
  0x00000267e0a14180 JavaThread "/127.0.0.1:60242 to /127.0.0.1:60241 workers Thread 2" [_thread_blocked, id=11792, stack(0x000000a31e000000,0x000000a31e100000)]
  0x00000267e0ab13c0 JavaThread "/127.0.0.1:60242 to /127.0.0.1:60241 workers Thread 3" [_thread_in_native, id=16060, stack(0x000000a31e100000,0x000000a31e200000)]
  0x00000267e0a1a010 JavaThread "QuantumRenderer-0" daemon [_thread_blocked, id=18708, stack(0x000000a31db00000,0x000000a31dc00000)]
=>0x00000267e02eb4c0 JavaThread "JavaFX Application Thread" [_thread_in_vm, id=18356, stack(0x000000a31e200000,0x000000a31e300000)]
  0x00000267e0a80050 JavaThread "Monocle Timer" daemon [_thread_blocked, id=3840, stack(0x000000a31e300000,0x000000a31e400000)]

Other Threads:
  0x00000267df111d10 VMThread "VM Thread" [stack: 0x000000a31cb00000,0x000000a31cc00000] [id=16784]
  0x00000267e0221060 WatcherThread [stack: 0x000000a31dd00000,0x000000a31de00000] [id=15480]
  0x00000267c4985c70 GCTaskThread "GC Thread#0" [stack: 0x000000a31c600000,0x000000a31c700000] [id=16048]
  0x00000267dfffebb0 GCTaskThread "GC Thread#1" [stack: 0x000000a31d600000,0x000000a31d700000] [id=9224]
  0x00000267dfea4990 GCTaskThread "GC Thread#2" [stack: 0x000000a31d700000,0x000000a31d800000] [id=15336]
  0x00000267dfea4ca0 GCTaskThread "GC Thread#3" [stack: 0x000000a31d800000,0x000000a31d900000] [id=6808]
  0x00000267dfea4fb0 GCTaskThread "GC Thread#4" [stack: 0x000000a31d900000,0x000000a31da00000] [id=1412]
  0x00000267e09b8010 GCTaskThread "GC Thread#5" [stack: 0x000000a31da00000,0x000000a31db00000] [id=14788]
  0x00000267c498ba70 ConcurrentGCThread "G1 Main Marker" [stack: 0x000000a31c700000,0x000000a31c800000] [id=19348]
  0x00000267c498c290 ConcurrentGCThread "G1 Conc#0" [stack: 0x000000a31c800000,0x000000a31c900000] [id=13580]
  0x00000267defd20d0 ConcurrentGCThread "G1 Refine#0" [stack: 0x000000a31c900000,0x000000a31ca00000] [id=16076]
  0x00000267defd2900 ConcurrentGCThread "G1 Service" [stack: 0x000000a31ca00000,0x000000a31cb00000] [id=17856]

Threads with active compile tasks:

VM state: not at safepoint (normal execution)

VM Mutex/Monitor currently owned by a thread: None

Heap address: 0x00000000e0000000, size: 512 MB, Compressed Oops mode: 32-bit

CDS archive(s) mapped at: [0x0000000800000000-0x0000000800bb0000-0x0000000800bb0000), size 12255232, SharedBaseAddress: 0x0000000800000000, ArchiveRelocationMode: 0.
Compressed class space mapped at: 0x0000000800c00000-0x0000000840c00000, reserved size: 1073741824
Narrow klass base: 0x0000000800000000, Narrow klass shift: 3, Narrow klass range: 0x100000000

GC Precious Log:
 CPUs: 8 total, 8 available
 Memory: 16258M
 Large Page Support: Disabled
 NUMA Support: Disabled
 Compressed Oops: Enabled (32-bit)
 Heap Region Size: 1M
 Heap Min Capacity: 8M
 Heap Initial Capacity: 256M
 Heap Max Capacity: 512M
 Pre-touch: Disabled
 Parallel Workers: 8
 Concurrent Workers: 2
 Concurrent Refinement Workers: 8
 Periodic GC: Disabled

Heap:
 garbage-first heap   total 262144K, used 34428K [0x00000000e0000000, 0x0000000100000000)
  region size 1024K, 31 young (31744K), 1 survivors (1024K)
 Metaspace       used 9977K, committed 10240K, reserved 1064960K
  class space    used 1225K, committed 1344K, reserved 1048576K

Heap Regions: E=young(eden), S=young(survivor), O=old, HS=humongous(starts), HC=humongous(continues), CS=collection set, F=free, OA=open archive, CA=closed archive, TAMS=top-at-mark-start (previous, next)
|   0|0x00000000e0000000, 0x00000000e0100000, 0x00000000e0100000|100%|HS|  |TAMS 0x00000000e0000000, 0x00000000e0000000| Complete 
|   1|0x00000000e0100000, 0x00000000e0200000, 0x00000000e0200000|100%|HC|  |TAMS 0x00000000e0100000, 0x00000000e0100000| Complete 
|   2|0x00000000e0200000, 0x00000000e0300000, 0x00000000e0300000|100%|HC|  |TAMS 0x00000000e0200000, 0x00000000e0200000| Complete 
|   3|0x00000000e0300000, 0x00000000e0400000, 0x00000000e0400000|100%|HC|  |TAMS 0x00000000e0300000, 0x00000000e0300000| Complete 
|   4|0x00000000e0400000, 0x00000000e0400000, 0x00000000e0500000|  0%| F|  |TAMS 0x00000000e0400000, 0x00000000e0400000| Untracked 
|   5|0x00000000e0500000, 0x00000000e0500000, 0x00000000e0600000|  0%| F|  |TAMS 0x00000000e0500000, 0x00000000e0500000| Untracked 
|   6|0x00000000e0600000, 0x00000000e0600000, 0x00000000e0700000|  0%| F|  |TAMS 0x00000000e0600000, 0x00000000e0600000| Untracked 
|   7|0x00000000e0700000, 0x00000000e0700000, 0x00000000e0800000|  0%| F|  |TAMS 0x00000000e0700000, 0x00000000e0700000| Untracked 
|   8|0x00000000e0800000, 0x00000000e0800000, 0x00000000e0900000|  0%| F|  |TAMS 0x00000000e0800000, 0x00000000e0800000| Untracked 
|   9|0x00000000e0900000, 0x00000000e0900000, 0x00000000e0a00000|  0%| F|  |TAMS 0x00000000e0900000, 0x00000000e0900000| Untracked 
|  10|0x00000000e0a00000, 0x00000000e0a00000, 0x00000000e0b00000|  0%| F|  |TAMS 0x00000000e0a00000, 0x00000000e0a00000| Untracked 
|  11|0x00000000e0b00000, 0x00000000e0b00000, 0x00000000e0c00000|  0%| F|  |TAMS 0x00000000e0b00000, 0x00000000e0b00000| Untracked 
|  12|0x00000000e0c00000, 0x00000000e0c00000, 0x00000000e0d00000|  0%| F|  |TAMS 0x00000000e0c00000, 0x00000000e0c00000| Untracked 
|  13|0x00000000e0d00000, 0x00000000e0d00000, 0x00000000e0e00000|  0%| F|  |TAMS 0x00000000e0d00000, 0x00000000e0d00000| Untracked 
|  14|0x00000000e0e00000, 0x00000000e0e00000, 0x00000000e0f00000|  0%| F|  |TAMS 0x00000000e0e00000, 0x00000000e0e00000| Untracked 
|  15|0x00000000e0f00000, 0x00000000e0f00000, 0x00000000e1000000|  0%| F|  |TAMS 0x00000000e0f00000, 0x00000000e0f00000| Untracked 
|  16|0x00000000e1000000, 0x00000000e1000000, 0x00000000e1100000|  0%| F|  |TAMS 0x00000000e1000000, 0x00000000e1000000| Untracked 
|  17|0x00000000e1100000, 0x00000000e1100000, 0x00000000e1200000|  0%| F|  |TAMS 0x00000000e1100000, 0x00000000e1100000| Untracked 
|  18|0x00000000e1200000, 0x00000000e1200000, 0x00000000e1300000|  0%| F|  |TAMS 0x00000000e1200000, 0x00000000e1200000| Untracked 
|  19|0x00000000e1300000, 0x00000000e1300000, 0x00000000e1400000|  0%| F|  |TAMS 0x00000000e1300000, 0x00000000e1300000| Untracked 
|  20|0x00000000e1400000, 0x00000000e1400000, 0x00000000e1500000|  0%| F|  |TAMS 0x00000000e1400000, 0x00000000e1400000| Untracked 
|  21|0x00000000e1500000, 0x00000000e1500000, 0x00000000e1600000|  0%| F|  |TAMS 0x00000000e1500000, 0x00000000e1500000| Untracked 
|  22|0x00000000e1600000, 0x00000000e1600000, 0x00000000e1700000|  0%| F|  |TAMS 0x00000000e1600000, 0x00000000e1600000| Untracked 
|  23|0x00000000e1700000, 0x00000000e1700000, 0x00000000e1800000|  0%| F|  |TAMS 0x00000000e1700000, 0x00000000e1700000| Untracked 
|  24|0x00000000e1800000, 0x00000000e1800000, 0x00000000e1900000|  0%| F|  |TAMS 0x00000000e1800000, 0x00000000e1800000| Untracked 
|  25|0x00000000e1900000, 0x00000000e1900000, 0x00000000e1a00000|  0%| F|  |TAMS 0x00000000e1900000, 0x00000000e1900000| Untracked 
|  26|0x00000000e1a00000, 0x00000000e1a00000, 0x00000000e1b00000|  0%| F|  |TAMS 0x00000000e1a00000, 0x00000000e1a00000| Untracked 
|  27|0x00000000e1b00000, 0x00000000e1b00000, 0x00000000e1c00000|  0%| F|  |TAMS 0x00000000e1b00000, 0x00000000e1b00000| Untracked 
|  28|0x00000000e1c00000, 0x00000000e1c00000, 0x00000000e1d00000|  0%| F|  |TAMS 0x00000000e1c00000, 0x00000000e1c00000| Untracked 
|  29|0x00000000e1d00000, 0x00000000e1d00000, 0x00000000e1e00000|  0%| F|  |TAMS 0x00000000e1d00000, 0x00000000e1d00000| Untracked 
|  30|0x00000000e1e00000, 0x00000000e1e00000, 0x00000000e1f00000|  0%| F|  |TAMS 0x00000000e1e00000, 0x00000000e1e00000| Untracked 
|  31|0x00000000e1f00000, 0x00000000e1f00000, 0x00000000e2000000|  0%| F|  |TAMS 0x00000000e1f00000, 0x00000000e1f00000| Untracked 
|  32|0x00000000e2000000, 0x00000000e2000000, 0x00000000e2100000|  0%| F|  |TAMS 0x00000000e2000000, 0x00000000e2000000| Untracked 
|  33|0x00000000e2100000, 0x00000000e2100000, 0x00000000e2200000|  0%| F|  |TAMS 0x00000000e2100000, 0x00000000e2100000| Untracked 
|  34|0x00000000e2200000, 0x00000000e2200000, 0x00000000e2300000|  0%| F|  |TAMS 0x00000000e2200000, 0x00000000e2200000| Untracked 
|  35|0x00000000e2300000, 0x00000000e2300000, 0x00000000e2400000|  0%| F|  |TAMS 0x00000000e2300000, 0x00000000e2300000| Untracked 
|  36|0x00000000e2400000, 0x00000000e2400000, 0x00000000e2500000|  0%| F|  |TAMS 0x00000000e2400000, 0x00000000e2400000| Untracked 
|  37|0x00000000e2500000, 0x00000000e2500000, 0x00000000e2600000|  0%| F|  |TAMS 0x00000000e2500000, 0x00000000e2500000| Untracked 
|  38|0x00000000e2600000, 0x00000000e2600000, 0x00000000e2700000|  0%| F|  |TAMS 0x00000000e2600000, 0x00000000e2600000| Untracked 
|  39|0x00000000e2700000, 0x00000000e2700000, 0x00000000e2800000|  0%| F|  |TAMS 0x00000000e2700000, 0x00000000e2700000| Untracked 
|  40|0x00000000e2800000, 0x00000000e2800000, 0x00000000e2900000|  0%| F|  |TAMS 0x00000000e2800000, 0x00000000e2800000| Untracked 
|  41|0x00000000e2900000, 0x00000000e2900000, 0x00000000e2a00000|  0%| F|  |TAMS 0x00000000e2900000, 0x00000000e2900000| Untracked 
|  42|0x00000000e2a00000, 0x00000000e2a00000, 0x00000000e2b00000|  0%| F|  |TAMS 0x00000000e2a00000, 0x00000000e2a00000| Untracked 
|  43|0x00000000e2b00000, 0x00000000e2b00000, 0x00000000e2c00000|  0%| F|  |TAMS 0x00000000e2b00000, 0x00000000e2b00000| Untracked 
|  44|0x00000000e2c00000, 0x00000000e2c00000, 0x00000000e2d00000|  0%| F|  |TAMS 0x00000000e2c00000, 0x00000000e2c00000| Untracked 
|  45|0x00000000e2d00000, 0x00000000e2d00000, 0x00000000e2e00000|  0%| F|  |TAMS 0x00000000e2d00000, 0x00000000e2d00000| Untracked 
|  46|0x00000000e2e00000, 0x00000000e2e00000, 0x00000000e2f00000|  0%| F|  |TAMS 0x00000000e2e00000, 0x00000000e2e00000| Untracked 
|  47|0x00000000e2f00000, 0x00000000e2f00000, 0x00000000e3000000|  0%| F|  |TAMS 0x00000000e2f00000, 0x00000000e2f00000| Untracked 
|  48|0x00000000e3000000, 0x00000000e3000000, 0x00000000e3100000|  0%| F|  |TAMS 0x00000000e3000000, 0x00000000e3000000| Untracked 
|  49|0x00000000e3100000, 0x00000000e3100000, 0x00000000e3200000|  0%| F|  |TAMS 0x00000000e3100000, 0x00000000e3100000| Untracked 
|  50|0x00000000e3200000, 0x00000000e3200000, 0x00000000e3300000|  0%| F|  |TAMS 0x00000000e3200000, 0x00000000e3200000| Untracked 
|  51|0x00000000e3300000, 0x00000000e3300000, 0x00000000e3400000|  0%| F|  |TAMS 0x00000000e3300000, 0x00000000e3300000| Untracked 
|  52|0x00000000e3400000, 0x00000000e3400000, 0x00000000e3500000|  0%| F|  |TAMS 0x00000000e3400000, 0x00000000e3400000| Untracked 
|  53|0x00000000e3500000, 0x00000000e3500000, 0x00000000e3600000|  0%| F|  |TAMS 0x00000000e3500000, 0x00000000e3500000| Untracked 
|  54|0x00000000e3600000, 0x00000000e3600000, 0x00000000e3700000|  0%| F|  |TAMS 0x00000000e3600000, 0x00000000e3600000| Untracked 
|  55|0x00000000e3700000, 0x00000000e3700000, 0x00000000e3800000|  0%| F|  |TAMS 0x00000000e3700000, 0x00000000e3700000| Untracked 
|  56|0x00000000e3800000, 0x00000000e3800000, 0x00000000e3900000|  0%| F|  |TAMS 0x00000000e3800000, 0x00000000e3800000| Untracked 
|  57|0x00000000e3900000, 0x00000000e3900000, 0x00000000e3a00000|  0%| F|  |TAMS 0x00000000e3900000, 0x00000000e3900000| Untracked 
|  58|0x00000000e3a00000, 0x00000000e3a00000, 0x00000000e3b00000|  0%| F|  |TAMS 0x00000000e3a00000, 0x00000000e3a00000| Untracked 
|  59|0x00000000e3b00000, 0x00000000e3b00000, 0x00000000e3c00000|  0%| F|  |TAMS 0x00000000e3b00000, 0x00000000e3b00000| Untracked 
|  60|0x00000000e3c00000, 0x00000000e3c00000, 0x00000000e3d00000|  0%| F|  |TAMS 0x00000000e3c00000, 0x00000000e3c00000| Untracked 
|  61|0x00000000e3d00000, 0x00000000e3d00000, 0x00000000e3e00000|  0%| F|  |TAMS 0x00000000e3d00000, 0x00000000e3d00000| Untracked 
|  62|0x00000000e3e00000, 0x00000000e3e00000, 0x00000000e3f00000|  0%| F|  |TAMS 0x00000000e3e00000, 0x00000000e3e00000| Untracked 
|  63|0x00000000e3f00000, 0x00000000e3f00000, 0x00000000e4000000|  0%| F|  |TAMS 0x00000000e3f00000, 0x00000000e3f00000| Untracked 
|  64|0x00000000e4000000, 0x00000000e4000000, 0x00000000e4100000|  0%| F|  |TAMS 0x00000000e4000000, 0x00000000e4000000| Untracked 
|  65|0x00000000e4100000, 0x00000000e4100000, 0x00000000e4200000|  0%| F|  |TAMS 0x00000000e4100000, 0x00000000e4100000| Untracked 
|  66|0x00000000e4200000, 0x00000000e4200000, 0x00000000e4300000|  0%| F|  |TAMS 0x00000000e4200000, 0x00000000e4200000| Untracked 
|  67|0x00000000e4300000, 0x00000000e4300000, 0x00000000e4400000|  0%| F|  |TAMS 0x00000000e4300000, 0x00000000e4300000| Untracked 
|  68|0x00000000e4400000, 0x00000000e4400000, 0x00000000e4500000|  0%| F|  |TAMS 0x00000000e4400000, 0x00000000e4400000| Untracked 
|  69|0x00000000e4500000, 0x00000000e4500000, 0x00000000e4600000|  0%| F|  |TAMS 0x00000000e4500000, 0x00000000e4500000| Untracked 
|  70|0x00000000e4600000, 0x00000000e4600000, 0x00000000e4700000|  0%| F|  |TAMS 0x00000000e4600000, 0x00000000e4600000| Untracked 
|  71|0x00000000e4700000, 0x00000000e4700000, 0x00000000e4800000|  0%| F|  |TAMS 0x00000000e4700000, 0x00000000e4700000| Untracked 
|  72|0x00000000e4800000, 0x00000000e4800000, 0x00000000e4900000|  0%| F|  |TAMS 0x00000000e4800000, 0x00000000e4800000| Untracked 
|  73|0x00000000e4900000, 0x00000000e4900000, 0x00000000e4a00000|  0%| F|  |TAMS 0x00000000e4900000, 0x00000000e4900000| Untracked 
|  74|0x00000000e4a00000, 0x00000000e4a00000, 0x00000000e4b00000|  0%| F|  |TAMS 0x00000000e4a00000, 0x00000000e4a00000| Untracked 
|  75|0x00000000e4b00000, 0x00000000e4b00000, 0x00000000e4c00000|  0%| F|  |TAMS 0x00000000e4b00000, 0x00000000e4b00000| Untracked 
|  76|0x00000000e4c00000, 0x00000000e4c00000, 0x00000000e4d00000|  0%| F|  |TAMS 0x00000000e4c00000, 0x00000000e4c00000| Untracked 
|  77|0x00000000e4d00000, 0x00000000e4d00000, 0x00000000e4e00000|  0%| F|  |TAMS 0x00000000e4d00000, 0x00000000e4d00000| Untracked 
|  78|0x00000000e4e00000, 0x00000000e4e00000, 0x00000000e4f00000|  0%| F|  |TAMS 0x00000000e4e00000, 0x00000000e4e00000| Untracked 
|  79|0x00000000e4f00000, 0x00000000e4f00000, 0x00000000e5000000|  0%| F|  |TAMS 0x00000000e4f00000, 0x00000000e4f00000| Untracked 
|  80|0x00000000e5000000, 0x00000000e5000000, 0x00000000e5100000|  0%| F|  |TAMS 0x00000000e5000000, 0x00000000e5000000| Untracked 
|  81|0x00000000e5100000, 0x00000000e5100000, 0x00000000e5200000|  0%| F|  |TAMS 0x00000000e5100000, 0x00000000e5100000| Untracked 
|  82|0x00000000e5200000, 0x00000000e5200000, 0x00000000e5300000|  0%| F|  |TAMS 0x00000000e5200000, 0x00000000e5200000| Untracked 
|  83|0x00000000e5300000, 0x00000000e5300000, 0x00000000e5400000|  0%| F|  |TAMS 0x00000000e5300000, 0x00000000e5300000| Untracked 
|  84|0x00000000e5400000, 0x00000000e5400000, 0x00000000e5500000|  0%| F|  |TAMS 0x00000000e5400000, 0x00000000e5400000| Untracked 
|  85|0x00000000e5500000, 0x00000000e5500000, 0x00000000e5600000|  0%| F|  |TAMS 0x00000000e5500000, 0x00000000e5500000| Untracked 
|  86|0x00000000e5600000, 0x00000000e5600000, 0x00000000e5700000|  0%| F|  |TAMS 0x00000000e5600000, 0x00000000e5600000| Untracked 
|  87|0x00000000e5700000, 0x00000000e5700000, 0x00000000e5800000|  0%| F|  |TAMS 0x00000000e5700000, 0x00000000e5700000| Untracked 
|  88|0x00000000e5800000, 0x00000000e5800000, 0x00000000e5900000|  0%| F|  |TAMS 0x00000000e5800000, 0x00000000e5800000| Untracked 
|  89|0x00000000e5900000, 0x00000000e5900000, 0x00000000e5a00000|  0%| F|  |TAMS 0x00000000e5900000, 0x00000000e5900000| Untracked 
|  90|0x00000000e5a00000, 0x00000000e5a00000, 0x00000000e5b00000|  0%| F|  |TAMS 0x00000000e5a00000, 0x00000000e5a00000| Untracked 
|  91|0x00000000e5b00000, 0x00000000e5b00000, 0x00000000e5c00000|  0%| F|  |TAMS 0x00000000e5b00000, 0x00000000e5b00000| Untracked 
|  92|0x00000000e5c00000, 0x00000000e5c00000, 0x00000000e5d00000|  0%| F|  |TAMS 0x00000000e5c00000, 0x00000000e5c00000| Untracked 
|  93|0x00000000e5d00000, 0x00000000e5d00000, 0x00000000e5e00000|  0%| F|  |TAMS 0x00000000e5d00000, 0x00000000e5d00000| Untracked 
|  94|0x00000000e5e00000, 0x00000000e5e00000, 0x00000000e5f00000|  0%| F|  |TAMS 0x00000000e5e00000, 0x00000000e5e00000| Untracked 
|  95|0x00000000e5f00000, 0x00000000e5f00000, 0x00000000e6000000|  0%| F|  |TAMS 0x00000000e5f00000, 0x00000000e5f00000| Untracked 
|  96|0x00000000e6000000, 0x00000000e6000000, 0x00000000e6100000|  0%| F|  |TAMS 0x00000000e6000000, 0x00000000e6000000| Untracked 
|  97|0x00000000e6100000, 0x00000000e6100000, 0x00000000e6200000|  0%| F|  |TAMS 0x00000000e6100000, 0x00000000e6100000| Untracked 
|  98|0x00000000e6200000, 0x00000000e6200000, 0x00000000e6300000|  0%| F|  |TAMS 0x00000000e6200000, 0x00000000e6200000| Untracked 
|  99|0x00000000e6300000, 0x00000000e6300000, 0x00000000e6400000|  0%| F|  |TAMS 0x00000000e6300000, 0x00000000e6300000| Untracked 
| 100|0x00000000e6400000, 0x00000000e6400000, 0x00000000e6500000|  0%| F|  |TAMS 0x00000000e6400000, 0x00000000e6400000| Untracked 
| 101|0x00000000e6500000, 0x00000000e6500000, 0x00000000e6600000|  0%| F|  |TAMS 0x00000000e6500000, 0x00000000e6500000| Untracked 
| 102|0x00000000e6600000, 0x00000000e6600000, 0x00000000e6700000|  0%| F|  |TAMS 0x00000000e6600000, 0x00000000e6600000| Untracked 
| 103|0x00000000e6700000, 0x00000000e6700000, 0x00000000e6800000|  0%| F|  |TAMS 0x00000000e6700000, 0x00000000e6700000| Untracked 
| 104|0x00000000e6800000, 0x00000000e6800000, 0x00000000e6900000|  0%| F|  |TAMS 0x00000000e6800000, 0x00000000e6800000| Untracked 
| 105|0x00000000e6900000, 0x00000000e6900000, 0x00000000e6a00000|  0%| F|  |TAMS 0x00000000e6900000, 0x00000000e6900000| Untracked 
| 106|0x00000000e6a00000, 0x00000000e6a00000, 0x00000000e6b00000|  0%| F|  |TAMS 0x00000000e6a00000, 0x00000000e6a00000| Untracked 
| 107|0x00000000e6b00000, 0x00000000e6b00000, 0x00000000e6c00000|  0%| F|  |TAMS 0x00000000e6b00000, 0x00000000e6b00000| Untracked 
| 108|0x00000000e6c00000, 0x00000000e6c00000, 0x00000000e6d00000|  0%| F|  |TAMS 0x00000000e6c00000, 0x00000000e6c00000| Untracked 
| 109|0x00000000e6d00000, 0x00000000e6d00000, 0x00000000e6e00000|  0%| F|  |TAMS 0x00000000e6d00000, 0x00000000e6d00000| Untracked 
| 110|0x00000000e6e00000, 0x00000000e6e00000, 0x00000000e6f00000|  0%| F|  |TAMS 0x00000000e6e00000, 0x00000000e6e00000| Untracked 
| 111|0x00000000e6f00000, 0x00000000e6f00000, 0x00000000e7000000|  0%| F|  |TAMS 0x00000000e6f00000, 0x00000000e6f00000| Untracked 
| 112|0x00000000e7000000, 0x00000000e7000000, 0x00000000e7100000|  0%| F|  |TAMS 0x00000000e7000000, 0x00000000e7000000| Untracked 
| 113|0x00000000e7100000, 0x00000000e7100000, 0x00000000e7200000|  0%| F|  |TAMS 0x00000000e7100000, 0x00000000e7100000| Untracked 
| 114|0x00000000e7200000, 0x00000000e7200000, 0x00000000e7300000|  0%| F|  |TAMS 0x00000000e7200000, 0x00000000e7200000| Untracked 
| 115|0x00000000e7300000, 0x00000000e7300000, 0x00000000e7400000|  0%| F|  |TAMS 0x00000000e7300000, 0x00000000e7300000| Untracked 
| 116|0x00000000e7400000, 0x00000000e7400000, 0x00000000e7500000|  0%| F|  |TAMS 0x00000000e7400000, 0x00000000e7400000| Untracked 
| 117|0x00000000e7500000, 0x00000000e7500000, 0x00000000e7600000|  0%| F|  |TAMS 0x00000000e7500000, 0x00000000e7500000| Untracked 
| 118|0x00000000e7600000, 0x00000000e7600000, 0x00000000e7700000|  0%| F|  |TAMS 0x00000000e7600000, 0x00000000e7600000| Untracked 
| 119|0x00000000e7700000, 0x00000000e7700000, 0x00000000e7800000|  0%| F|  |TAMS 0x00000000e7700000, 0x00000000e7700000| Untracked 
| 120|0x00000000e7800000, 0x00000000e7800000, 0x00000000e7900000|  0%| F|  |TAMS 0x00000000e7800000, 0x00000000e7800000| Untracked 
| 121|0x00000000e7900000, 0x00000000e7900000, 0x00000000e7a00000|  0%| F|  |TAMS 0x00000000e7900000, 0x00000000e7900000| Untracked 
| 122|0x00000000e7a00000, 0x00000000e7a00000, 0x00000000e7b00000|  0%| F|  |TAMS 0x00000000e7a00000, 0x00000000e7a00000| Untracked 
| 123|0x00000000e7b00000, 0x00000000e7b00000, 0x00000000e7c00000|  0%| F|  |TAMS 0x00000000e7b00000, 0x00000000e7b00000| Untracked 
| 124|0x00000000e7c00000, 0x00000000e7c00000, 0x00000000e7d00000|  0%| F|  |TAMS 0x00000000e7c00000, 0x00000000e7c00000| Untracked 
| 125|0x00000000e7d00000, 0x00000000e7d00000, 0x00000000e7e00000|  0%| F|  |TAMS 0x00000000e7d00000, 0x00000000e7d00000| Untracked 
| 126|0x00000000e7e00000, 0x00000000e7e00000, 0x00000000e7f00000|  0%| F|  |TAMS 0x00000000e7e00000, 0x00000000e7e00000| Untracked 
| 127|0x00000000e7f00000, 0x00000000e7f00000, 0x00000000e8000000|  0%| F|  |TAMS 0x00000000e7f00000, 0x00000000e7f00000| Untracked 
| 128|0x00000000e8000000, 0x00000000e8000000, 0x00000000e8100000|  0%| F|  |TAMS 0x00000000e8000000, 0x00000000e8000000| Untracked 
| 129|0x00000000e8100000, 0x00000000e8100000, 0x00000000e8200000|  0%| F|  |TAMS 0x00000000e8100000, 0x00000000e8100000| Untracked 
| 130|0x00000000e8200000, 0x00000000e8200000, 0x00000000e8300000|  0%| F|  |TAMS 0x00000000e8200000, 0x00000000e8200000| Untracked 
| 131|0x00000000e8300000, 0x00000000e8300000, 0x00000000e8400000|  0%| F|  |TAMS 0x00000000e8300000, 0x00000000e8300000| Untracked 
| 132|0x00000000e8400000, 0x00000000e8400000, 0x00000000e8500000|  0%| F|  |TAMS 0x00000000e8400000, 0x00000000e8400000| Untracked 
| 133|0x00000000e8500000, 0x00000000e8500000, 0x00000000e8600000|  0%| F|  |TAMS 0x00000000e8500000, 0x00000000e8500000| Untracked 
| 134|0x00000000e8600000, 0x00000000e8600000, 0x00000000e8700000|  0%| F|  |TAMS 0x00000000e8600000, 0x00000000e8600000| Untracked 
| 135|0x00000000e8700000, 0x00000000e8700000, 0x00000000e8800000|  0%| F|  |TAMS 0x00000000e8700000, 0x00000000e8700000| Untracked 
| 136|0x00000000e8800000, 0x00000000e8800000, 0x00000000e8900000|  0%| F|  |TAMS 0x00000000e8800000, 0x00000000e8800000| Untracked 
| 137|0x00000000e8900000, 0x00000000e8900000, 0x00000000e8a00000|  0%| F|  |TAMS 0x00000000e8900000, 0x00000000e8900000| Untracked 
| 138|0x00000000e8a00000, 0x00000000e8a00000, 0x00000000e8b00000|  0%| F|  |TAMS 0x00000000e8a00000, 0x00000000e8a00000| Untracked 
| 139|0x00000000e8b00000, 0x00000000e8b00000, 0x00000000e8c00000|  0%| F|  |TAMS 0x00000000e8b00000, 0x00000000e8b00000| Untracked 
| 140|0x00000000e8c00000, 0x00000000e8c00000, 0x00000000e8d00000|  0%| F|  |TAMS 0x00000000e8c00000, 0x00000000e8c00000| Untracked 
| 141|0x00000000e8d00000, 0x00000000e8d00000, 0x00000000e8e00000|  0%| F|  |TAMS 0x00000000e8d00000, 0x00000000e8d00000| Untracked 
| 142|0x00000000e8e00000, 0x00000000e8e00000, 0x00000000e8f00000|  0%| F|  |TAMS 0x00000000e8e00000, 0x00000000e8e00000| Untracked 
| 143|0x00000000e8f00000, 0x00000000e8f00000, 0x00000000e9000000|  0%| F|  |TAMS 0x00000000e8f00000, 0x00000000e8f00000| Untracked 
| 144|0x00000000e9000000, 0x00000000e9000000, 0x00000000e9100000|  0%| F|  |TAMS 0x00000000e9000000, 0x00000000e9000000| Untracked 
| 145|0x00000000e9100000, 0x00000000e9100000, 0x00000000e9200000|  0%| F|  |TAMS 0x00000000e9100000, 0x00000000e9100000| Untracked 
| 146|0x00000000e9200000, 0x00000000e9200000, 0x00000000e9300000|  0%| F|  |TAMS 0x00000000e9200000, 0x00000000e9200000| Untracked 
| 147|0x00000000e9300000, 0x00000000e9300000, 0x00000000e9400000|  0%| F|  |TAMS 0x00000000e9300000, 0x00000000e9300000| Untracked 
| 148|0x00000000e9400000, 0x00000000e9400000, 0x00000000e9500000|  0%| F|  |TAMS 0x00000000e9400000, 0x00000000e9400000| Untracked 
| 149|0x00000000e9500000, 0x00000000e9500000, 0x00000000e9600000|  0%| F|  |TAMS 0x00000000e9500000, 0x00000000e9500000| Untracked 
| 150|0x00000000e9600000, 0x00000000e9600000, 0x00000000e9700000|  0%| F|  |TAMS 0x00000000e9600000, 0x00000000e9600000| Untracked 
| 151|0x00000000e9700000, 0x00000000e9700000, 0x00000000e9800000|  0%| F|  |TAMS 0x00000000e9700000, 0x00000000e9700000| Untracked 
| 152|0x00000000e9800000, 0x00000000e9800000, 0x00000000e9900000|  0%| F|  |TAMS 0x00000000e9800000, 0x00000000e9800000| Untracked 
| 153|0x00000000e9900000, 0x00000000e9900000, 0x00000000e9a00000|  0%| F|  |TAMS 0x00000000e9900000, 0x00000000e9900000| Untracked 
| 154|0x00000000e9a00000, 0x00000000e9a00000, 0x00000000e9b00000|  0%| F|  |TAMS 0x00000000e9a00000, 0x00000000e9a00000| Untracked 
| 155|0x00000000e9b00000, 0x00000000e9b00000, 0x00000000e9c00000|  0%| F|  |TAMS 0x00000000e9b00000, 0x00000000e9b00000| Untracked 
| 156|0x00000000e9c00000, 0x00000000e9c00000, 0x00000000e9d00000|  0%| F|  |TAMS 0x00000000e9c00000, 0x00000000e9c00000| Untracked 
| 157|0x00000000e9d00000, 0x00000000e9d00000, 0x00000000e9e00000|  0%| F|  |TAMS 0x00000000e9d00000, 0x00000000e9d00000| Untracked 
| 158|0x00000000e9e00000, 0x00000000e9e00000, 0x00000000e9f00000|  0%| F|  |TAMS 0x00000000e9e00000, 0x00000000e9e00000| Untracked 
| 159|0x00000000e9f00000, 0x00000000e9f00000, 0x00000000ea000000|  0%| F|  |TAMS 0x00000000e9f00000, 0x00000000e9f00000| Untracked 
| 160|0x00000000ea000000, 0x00000000ea000000, 0x00000000ea100000|  0%| F|  |TAMS 0x00000000ea000000, 0x00000000ea000000| Untracked 
| 161|0x00000000ea100000, 0x00000000ea100000, 0x00000000ea200000|  0%| F|  |TAMS 0x00000000ea100000, 0x00000000ea100000| Untracked 
| 162|0x00000000ea200000, 0x00000000ea200000, 0x00000000ea300000|  0%| F|  |TAMS 0x00000000ea200000, 0x00000000ea200000| Untracked 
| 163|0x00000000ea300000, 0x00000000ea300000, 0x00000000ea400000|  0%| F|  |TAMS 0x00000000ea300000, 0x00000000ea300000| Untracked 
| 164|0x00000000ea400000, 0x00000000ea400000, 0x00000000ea500000|  0%| F|  |TAMS 0x00000000ea400000, 0x00000000ea400000| Untracked 
| 165|0x00000000ea500000, 0x00000000ea500000, 0x00000000ea600000|  0%| F|  |TAMS 0x00000000ea500000, 0x00000000ea500000| Untracked 
| 166|0x00000000ea600000, 0x00000000ea600000, 0x00000000ea700000|  0%| F|  |TAMS 0x00000000ea600000, 0x00000000ea600000| Untracked 
| 167|0x00000000ea700000, 0x00000000ea700000, 0x00000000ea800000|  0%| F|  |TAMS 0x00000000ea700000, 0x00000000ea700000| Untracked 
| 168|0x00000000ea800000, 0x00000000ea800000, 0x00000000ea900000|  0%| F|  |TAMS 0x00000000ea800000, 0x00000000ea800000| Untracked 
| 169|0x00000000ea900000, 0x00000000ea900000, 0x00000000eaa00000|  0%| F|  |TAMS 0x00000000ea900000, 0x00000000ea900000| Untracked 
| 170|0x00000000eaa00000, 0x00000000eaa00000, 0x00000000eab00000|  0%| F|  |TAMS 0x00000000eaa00000, 0x00000000eaa00000| Untracked 
| 171|0x00000000eab00000, 0x00000000eab00000, 0x00000000eac00000|  0%| F|  |TAMS 0x00000000eab00000, 0x00000000eab00000| Untracked 
| 172|0x00000000eac00000, 0x00000000eac00000, 0x00000000ead00000|  0%| F|  |TAMS 0x00000000eac00000, 0x00000000eac00000| Untracked 
| 173|0x00000000ead00000, 0x00000000ead00000, 0x00000000eae00000|  0%| F|  |TAMS 0x00000000ead00000, 0x00000000ead00000| Untracked 
| 174|0x00000000eae00000, 0x00000000eae00000, 0x00000000eaf00000|  0%| F|  |TAMS 0x00000000eae00000, 0x00000000eae00000| Untracked 
| 175|0x00000000eaf00000, 0x00000000eaf00000, 0x00000000eb000000|  0%| F|  |TAMS 0x00000000eaf00000, 0x00000000eaf00000| Untracked 
| 176|0x00000000eb000000, 0x00000000eb000000, 0x00000000eb100000|  0%| F|  |TAMS 0x00000000eb000000, 0x00000000eb000000| Untracked 
| 177|0x00000000eb100000, 0x00000000eb100000, 0x00000000eb200000|  0%| F|  |TAMS 0x00000000eb100000, 0x00000000eb100000| Untracked 
| 178|0x00000000eb200000, 0x00000000eb200000, 0x00000000eb300000|  0%| F|  |TAMS 0x00000000eb200000, 0x00000000eb200000| Untracked 
| 179|0x00000000eb300000, 0x00000000eb300000, 0x00000000eb400000|  0%| F|  |TAMS 0x00000000eb300000, 0x00000000eb300000| Untracked 
| 180|0x00000000eb400000, 0x00000000eb400000, 0x00000000eb500000|  0%| F|  |TAMS 0x00000000eb400000, 0x00000000eb400000| Untracked 
| 181|0x00000000eb500000, 0x00000000eb500000, 0x00000000eb600000|  0%| F|  |TAMS 0x00000000eb500000, 0x00000000eb500000| Untracked 
| 182|0x00000000eb600000, 0x00000000eb600000, 0x00000000eb700000|  0%| F|  |TAMS 0x00000000eb600000, 0x00000000eb600000| Untracked 
| 183|0x00000000eb700000, 0x00000000eb700000, 0x00000000eb800000|  0%| F|  |TAMS 0x00000000eb700000, 0x00000000eb700000| Untracked 
| 184|0x00000000eb800000, 0x00000000eb800000, 0x00000000eb900000|  0%| F|  |TAMS 0x00000000eb800000, 0x00000000eb800000| Untracked 
| 185|0x00000000eb900000, 0x00000000eb900000, 0x00000000eba00000|  0%| F|  |TAMS 0x00000000eb900000, 0x00000000eb900000| Untracked 
| 186|0x00000000eba00000, 0x00000000eba00000, 0x00000000ebb00000|  0%| F|  |TAMS 0x00000000eba00000, 0x00000000eba00000| Untracked 
| 187|0x00000000ebb00000, 0x00000000ebb00000, 0x00000000ebc00000|  0%| F|  |TAMS 0x00000000ebb00000, 0x00000000ebb00000| Untracked 
| 188|0x00000000ebc00000, 0x00000000ebc00000, 0x00000000ebd00000|  0%| F|  |TAMS 0x00000000ebc00000, 0x00000000ebc00000| Untracked 
| 189|0x00000000ebd00000, 0x00000000ebd00000, 0x00000000ebe00000|  0%| F|  |TAMS 0x00000000ebd00000, 0x00000000ebd00000| Untracked 
| 190|0x00000000ebe00000, 0x00000000ebe00000, 0x00000000ebf00000|  0%| F|  |TAMS 0x00000000ebe00000, 0x00000000ebe00000| Untracked 
| 191|0x00000000ebf00000, 0x00000000ebf00000, 0x00000000ec000000|  0%| F|  |TAMS 0x00000000ebf00000, 0x00000000ebf00000| Untracked 
| 192|0x00000000ec000000, 0x00000000ec000000, 0x00000000ec100000|  0%| F|  |TAMS 0x00000000ec000000, 0x00000000ec000000| Untracked 
| 193|0x00000000ec100000, 0x00000000ec100000, 0x00000000ec200000|  0%| F|  |TAMS 0x00000000ec100000, 0x00000000ec100000| Untracked 
| 194|0x00000000ec200000, 0x00000000ec200000, 0x00000000ec300000|  0%| F|  |TAMS 0x00000000ec200000, 0x00000000ec200000| Untracked 
| 195|0x00000000ec300000, 0x00000000ec300000, 0x00000000ec400000|  0%| F|  |TAMS 0x00000000ec300000, 0x00000000ec300000| Untracked 
| 196|0x00000000ec400000, 0x00000000ec400000, 0x00000000ec500000|  0%| F|  |TAMS 0x00000000ec400000, 0x00000000ec400000| Untracked 
| 197|0x00000000ec500000, 0x00000000ec500000, 0x00000000ec600000|  0%| F|  |TAMS 0x00000000ec500000, 0x00000000ec500000| Untracked 
| 198|0x00000000ec600000, 0x00000000ec600000, 0x00000000ec700000|  0%| F|  |TAMS 0x00000000ec600000, 0x00000000ec600000| Untracked 
| 199|0x00000000ec700000, 0x00000000ec700000, 0x00000000ec800000|  0%| F|  |TAMS 0x00000000ec700000, 0x00000000ec700000| Untracked 
| 200|0x00000000ec800000, 0x00000000ec800000, 0x00000000ec900000|  0%| F|  |TAMS 0x00000000ec800000, 0x00000000ec800000| Untracked 
| 201|0x00000000ec900000, 0x00000000ec900000, 0x00000000eca00000|  0%| F|  |TAMS 0x00000000ec900000, 0x00000000ec900000| Untracked 
| 202|0x00000000eca00000, 0x00000000eca00000, 0x00000000ecb00000|  0%| F|  |TAMS 0x00000000eca00000, 0x00000000eca00000| Untracked 
| 203|0x00000000ecb00000, 0x00000000ecb00000, 0x00000000ecc00000|  0%| F|  |TAMS 0x00000000ecb00000, 0x00000000ecb00000| Untracked 
| 204|0x00000000ecc00000, 0x00000000ecc00000, 0x00000000ecd00000|  0%| F|  |TAMS 0x00000000ecc00000, 0x00000000ecc00000| Untracked 
| 205|0x00000000ecd00000, 0x00000000ecd00000, 0x00000000ece00000|  0%| F|  |TAMS 0x00000000ecd00000, 0x00000000ecd00000| Untracked 
| 206|0x00000000ece00000, 0x00000000ece00000, 0x00000000ecf00000|  0%| F|  |TAMS 0x00000000ece00000, 0x00000000ece00000| Untracked 
| 207|0x00000000ecf00000, 0x00000000ecf00000, 0x00000000ed000000|  0%| F|  |TAMS 0x00000000ecf00000, 0x00000000ecf00000| Untracked 
| 208|0x00000000ed000000, 0x00000000ed000000, 0x00000000ed100000|  0%| F|  |TAMS 0x00000000ed000000, 0x00000000ed000000| Untracked 
| 209|0x00000000ed100000, 0x00000000ed100000, 0x00000000ed200000|  0%| F|  |TAMS 0x00000000ed100000, 0x00000000ed100000| Untracked 
| 210|0x00000000ed200000, 0x00000000ed200000, 0x00000000ed300000|  0%| F|  |TAMS 0x00000000ed200000, 0x00000000ed200000| Untracked 
| 211|0x00000000ed300000, 0x00000000ed300000, 0x00000000ed400000|  0%| F|  |TAMS 0x00000000ed300000, 0x00000000ed300000| Untracked 
| 212|0x00000000ed400000, 0x00000000ed400000, 0x00000000ed500000|  0%| F|  |TAMS 0x00000000ed400000, 0x00000000ed400000| Untracked 
| 213|0x00000000ed500000, 0x00000000ed500000, 0x00000000ed600000|  0%| F|  |TAMS 0x00000000ed500000, 0x00000000ed500000| Untracked 
| 214|0x00000000ed600000, 0x00000000ed600000, 0x00000000ed700000|  0%| F|  |TAMS 0x00000000ed600000, 0x00000000ed600000| Untracked 
| 215|0x00000000ed700000, 0x00000000ed700000, 0x00000000ed800000|  0%| F|  |TAMS 0x00000000ed700000, 0x00000000ed700000| Untracked 
| 216|0x00000000ed800000, 0x00000000ed800000, 0x00000000ed900000|  0%| F|  |TAMS 0x00000000ed800000, 0x00000000ed800000| Untracked 
| 217|0x00000000ed900000, 0x00000000ed900000, 0x00000000eda00000|  0%| F|  |TAMS 0x00000000ed900000, 0x00000000ed900000| Untracked 
| 218|0x00000000eda00000, 0x00000000eda00000, 0x00000000edb00000|  0%| F|  |TAMS 0x00000000eda00000, 0x00000000eda00000| Untracked 
| 219|0x00000000edb00000, 0x00000000edb00000, 0x00000000edc00000|  0%| F|  |TAMS 0x00000000edb00000, 0x00000000edb00000| Untracked 
| 220|0x00000000edc00000, 0x00000000edc00000, 0x00000000edd00000|  0%| F|  |TAMS 0x00000000edc00000, 0x00000000edc00000| Untracked 
| 221|0x00000000edd00000, 0x00000000edd00000, 0x00000000ede00000|  0%| F|  |TAMS 0x00000000edd00000, 0x00000000edd00000| Untracked 
| 222|0x00000000ede00000, 0x00000000ede00000, 0x00000000edf00000|  0%| F|  |TAMS 0x00000000ede00000, 0x00000000ede00000| Untracked 
| 223|0x00000000edf00000, 0x00000000edf00000, 0x00000000ee000000|  0%| F|  |TAMS 0x00000000edf00000, 0x00000000edf00000| Untracked 
| 224|0x00000000ee000000, 0x00000000ee000000, 0x00000000ee100000|  0%| F|  |TAMS 0x00000000ee000000, 0x00000000ee000000| Untracked 
| 225|0x00000000ee100000, 0x00000000ee1c31f0, 0x00000000ee200000| 76%| E|  |TAMS 0x00000000ee100000, 0x00000000ee100000| Complete 
| 226|0x00000000ee200000, 0x00000000ee300000, 0x00000000ee300000|100%| E|CS|TAMS 0x00000000ee200000, 0x00000000ee200000| Complete 
| 227|0x00000000ee300000, 0x00000000ee400000, 0x00000000ee400000|100%| E|CS|TAMS 0x00000000ee300000, 0x00000000ee300000| Complete 
| 228|0x00000000ee400000, 0x00000000ee500000, 0x00000000ee500000|100%| E|CS|TAMS 0x00000000ee400000, 0x00000000ee400000| Complete 
| 229|0x00000000ee500000, 0x00000000ee600000, 0x00000000ee600000|100%| E|CS|TAMS 0x00000000ee500000, 0x00000000ee500000| Complete 
| 230|0x00000000ee600000, 0x00000000ee700000, 0x00000000ee700000|100%| E|CS|TAMS 0x00000000ee600000, 0x00000000ee600000| Complete 
| 231|0x00000000ee700000, 0x00000000ee800000, 0x00000000ee800000|100%| E|CS|TAMS 0x00000000ee700000, 0x00000000ee700000| Complete 
| 232|0x00000000ee800000, 0x00000000ee89f1f0, 0x00000000ee900000| 62%| S|CS|TAMS 0x00000000ee800000, 0x00000000ee800000| Complete 
| 233|0x00000000ee900000, 0x00000000eea00000, 0x00000000eea00000|100%| E|CS|TAMS 0x00000000ee900000, 0x00000000ee900000| Complete 
| 234|0x00000000eea00000, 0x00000000eeb00000, 0x00000000eeb00000|100%| E|CS|TAMS 0x00000000eea00000, 0x00000000eea00000| Complete 
| 235|0x00000000eeb00000, 0x00000000eec00000, 0x00000000eec00000|100%| E|CS|TAMS 0x00000000eeb00000, 0x00000000eeb00000| Complete 
| 236|0x00000000eec00000, 0x00000000eed00000, 0x00000000eed00000|100%| E|CS|TAMS 0x00000000eec00000, 0x00000000eec00000| Complete 
| 237|0x00000000eed00000, 0x00000000eee00000, 0x00000000eee00000|100%| E|CS|TAMS 0x00000000eed00000, 0x00000000eed00000| Complete 
| 238|0x00000000eee00000, 0x00000000eef00000, 0x00000000eef00000|100%| E|CS|TAMS 0x00000000eee00000, 0x00000000eee00000| Complete 
| 239|0x00000000eef00000, 0x00000000ef000000, 0x00000000ef000000|100%| E|CS|TAMS 0x00000000eef00000, 0x00000000eef00000| Complete 
| 240|0x00000000ef000000, 0x00000000ef100000, 0x00000000ef100000|100%| E|CS|TAMS 0x00000000ef000000, 0x00000000ef000000| Complete 
| 241|0x00000000ef100000, 0x00000000ef200000, 0x00000000ef200000|100%| E|CS|TAMS 0x00000000ef100000, 0x00000000ef100000| Complete 
| 242|0x00000000ef200000, 0x00000000ef300000, 0x00000000ef300000|100%| E|CS|TAMS 0x00000000ef200000, 0x00000000ef200000| Complete 
| 243|0x00000000ef300000, 0x00000000ef400000, 0x00000000ef400000|100%| E|CS|TAMS 0x00000000ef300000, 0x00000000ef300000| Complete 
| 244|0x00000000ef400000, 0x00000000ef500000, 0x00000000ef500000|100%| E|CS|TAMS 0x00000000ef400000, 0x00000000ef400000| Complete 
| 245|0x00000000ef500000, 0x00000000ef600000, 0x00000000ef600000|100%| E|CS|TAMS 0x00000000ef500000, 0x00000000ef500000| Complete 
| 246|0x00000000ef600000, 0x00000000ef700000, 0x00000000ef700000|100%| E|CS|TAMS 0x00000000ef600000, 0x00000000ef600000| Complete 
| 247|0x00000000ef700000, 0x00000000ef800000, 0x00000000ef800000|100%| E|CS|TAMS 0x00000000ef700000, 0x00000000ef700000| Complete 
| 248|0x00000000ef800000, 0x00000000ef900000, 0x00000000ef900000|100%| E|CS|TAMS 0x00000000ef800000, 0x00000000ef800000| Complete 
| 249|0x00000000ef900000, 0x00000000efa00000, 0x00000000efa00000|100%| E|CS|TAMS 0x00000000ef900000, 0x00000000ef900000| Complete 
| 250|0x00000000efa00000, 0x00000000efb00000, 0x00000000efb00000|100%| E|CS|TAMS 0x00000000efa00000, 0x00000000efa00000| Complete 
| 251|0x00000000efb00000, 0x00000000efc00000, 0x00000000efc00000|100%| E|CS|TAMS 0x00000000efb00000, 0x00000000efb00000| Complete 
| 252|0x00000000efc00000, 0x00000000efd00000, 0x00000000efd00000|100%| E|CS|TAMS 0x00000000efc00000, 0x00000000efc00000| Complete 
| 253|0x00000000efd00000, 0x00000000efe00000, 0x00000000efe00000|100%| E|CS|TAMS 0x00000000efd00000, 0x00000000efd00000| Complete 
| 254|0x00000000efe00000, 0x00000000eff00000, 0x00000000eff00000|100%| E|CS|TAMS 0x00000000efe00000, 0x00000000efe00000| Complete 
| 255|0x00000000eff00000, 0x00000000f0000000, 0x00000000f0000000|100%| E|CS|TAMS 0x00000000eff00000, 0x00000000eff00000| Complete 

Card table byte_map: [0x00000267db500000,0x00000267db600000] _byte_map_base: 0x00000267dae00000

Marking Bits (Prev, Next): (CMBitMap*) 0x00000267c49870a0, (CMBitMap*) 0x00000267c49870e0
 Prev Bits: [0x00000267db700000, 0x00000267dbf00000)
 Next Bits: [0x00000267dbf00000, 0x00000267dc700000)

Polling page: 0x00000267c4130000

Metaspace:

Usage:
  Non-class:      8.55 MB used.
      Class:      1.20 MB used.
       Both:      9.74 MB used.

Virtual space:
  Non-class space:       16.00 MB reserved,       8.69 MB ( 54%) committed,  2 nodes.
      Class space:        1.00 GB reserved,       1.31 MB ( <1%) committed,  1 nodes.
              Both:        1.02 GB reserved,      10.00 MB ( <1%) committed. 

Chunk freelists:
   Non-Class:  3.23 MB
       Class:  2.56 MB
        Both:  5.80 MB

MaxMetaspaceSize: 17179869184.00 GB
CompressedClassSpaceSize: 1.00 GB
 - commit_granule_bytes: 65536.
 - commit_granule_words: 8192.
 - virtual_space_node_default_size: 1048576.
 - enlarge_chunks_in_place: 1.
 - new_chunks_are_fully_committed: 0.
 - uncommit_free_chunks: 1.
 - use_allocation_guard: 0.
 - handle_deallocations: 1.


Internal statistics:

num_allocs_failed_limit: 0.
num_arena_births: 124.
num_arena_deaths: 0.
num_vsnodes_births: 3.
num_vsnodes_deaths: 0.
num_space_committed: 160.
num_space_uncommitted: 0.
num_chunks_returned_to_freelist: 0.
num_chunks_taken_from_freelist: 378.
num_chunk_merges: 0.
num_chunk_splits: 263.
num_chunks_enlarged: 209.
num_purges: 0.

CodeHeap 'non-profiled nmethods': size=120000Kb used=703Kb max_used=703Kb free=119296Kb
 bounds [0x00000267d3ba0000, 0x00000267d3e10000, 0x00000267db0d0000]
CodeHeap 'profiled nmethods': size=120000Kb used=2830Kb max_used=2830Kb free=117169Kb
 bounds [0x00000267cc670000, 0x00000267cc940000, 0x00000267d3ba0000]
CodeHeap 'non-nmethods': size=5760Kb used=1240Kb max_used=1251Kb free=4519Kb
 bounds [0x00000267cc0d0000, 0x00000267cc340000, 0x00000267cc670000]
 total_blobs=2129 nmethods=1578 adapters=463
 compilation: enabled
              stopped_count=0, restarted_count=0
 full_count=0

Compilation events (20 events):
Event: 2.897 Thread 0x00000267df13b0e0 1568       3       sun.nio.ch.FileChannelImpl$Closer::<init> (10 bytes)
Event: 2.897 Thread 0x00000267df13b0e0 nmethod 1568 0x00000267cc92ed10 code [0x00000267cc92eec0, 0x00000267cc92f078]
Event: 2.897 Thread 0x00000267df13b0e0 1569  s!   3       sun.nio.ch.NativeThreadSet::signalAndWait (134 bytes)
Event: 2.897 Thread 0x00000267df13b0e0 nmethod 1569 0x00000267cc92f110 code [0x00000267cc92f300, 0x00000267cc92f978]
Event: 2.897 Thread 0x00000267df13b0e0 1570   !   3       sun.nio.ch.FileChannelImpl$Closer::run (28 bytes)
Event: 2.897 Thread 0x00000267df13b0e0 nmethod 1570 0x00000267cc92fc10 code [0x00000267cc92fe20, 0x00000267cc930468]
Event: 2.897 Thread 0x00000267df13b0e0 1571       3       java.io.FileDescriptor$1::close (5 bytes)
Event: 2.897 Thread 0x00000267df13b0e0 nmethod 1571 0x00000267cc930710 code [0x00000267cc930900, 0x00000267cc930df8]
Event: 2.901 Thread 0x00000267df13b0e0 1572       3       jdk.internal.org.objectweb.asm.SymbolTable::addConstantFieldref (10 bytes)
Event: 2.901 Thread 0x00000267df13b0e0 nmethod 1572 0x00000267cc931010 code [0x00000267cc9311c0, 0x00000267cc931308]
Event: 2.901 Thread 0x00000267df13b0e0 1573       3       java.nio.file.Files::read (103 bytes)
Event: 2.902 Thread 0x00000267df13b0e0 nmethod 1573 0x00000267cc931390 code [0x00000267cc9315e0, 0x00000267cc932008]
Event: 2.906 Thread 0x00000267df13b0e0 1574       1       java.util.logging.Logger::getName (5 bytes)
Event: 2.906 Thread 0x00000267df13b0e0 nmethod 1574 0x00000267d3c4f390 code [0x00000267d3c4f520, 0x00000267d3c4f5f8]
Event: 2.906 Thread 0x00000267df13b0e0 1575       3       java.lang.invoke.TypeConvertingMethodAdapter::descriptorToName (36 bytes)
Event: 2.907 Thread 0x00000267df13b0e0 nmethod 1575 0x00000267cc932390 code [0x00000267cc932620, 0x00000267cc9331c8]
Event: 2.908 Thread 0x00000267df13b0e0 1576       1       java.util.concurrent.CopyOnWriteArrayList::setArray (6 bytes)
Event: 2.908 Thread 0x00000267df13b0e0 nmethod 1576 0x00000267d3c4f690 code [0x00000267d3c4f820, 0x00000267d3c4f938]
Event: 2.908 Thread 0x00000267df13b0e0 1577       3       jdk.internal.loader.NativeLibraries$NativeLibraryImpl::find (6 bytes)
Event: 2.908 Thread 0x00000267df13b0e0 nmethod 1577 0x00000267cc933690 code [0x00000267cc933840, 0x00000267cc933968]

GC Heap History (2 events):
Event: 0.990 GC heap before
{Heap before GC invocations=0 (full 0):
 garbage-first heap   total 262144K, used 23552K [0x00000000e0000000, 0x0000000100000000)
  region size 1024K, 23 young (23552K), 0 survivors (0K)
 Metaspace       used 713K, committed 896K, reserved 1056768K
  class space    used 46K, committed 128K, reserved 1048576K
}
Event: 0.992 GC heap after
{Heap after GC invocations=1 (full 0):
 garbage-first heap   total 262144K, used 636K [0x00000000e0000000, 0x0000000100000000)
  region size 1024K, 1 young (1024K), 1 survivors (1024K)
 Metaspace       used 713K, committed 896K, reserved 1056768K
  class space    used 46K, committed 128K, reserved 1048576K
}

Deoptimization events (20 events):
Event: 1.816 Thread 0x00000267e0289040 DEOPT PACKING pc=0x00000267d3bcbee4 sp=0x000000a31dff8d40
Event: 1.816 Thread 0x00000267e0289040 DEOPT UNPACKING pc=0x00000267cc11d72e sp=0x000000a31dff8cf0 mode 2
Event: 1.892 Thread 0x00000267e0289040 Uncommon trap: trap_request=0xffffffde fr.pc=0x00000267d3c20e24 relative=0x0000000000001204
Event: 1.892 Thread 0x00000267e0289040 Uncommon trap: reason=class_check action=maybe_recompile pc=0x00000267d3c20e24 method=java.util.HashMap.putVal(ILjava/lang/Object;Ljava/lang/Object;ZZ)Ljava/lang/Object; @ 253 c2
Event: 1.892 Thread 0x00000267e0289040 DEOPT PACKING pc=0x00000267d3c20e24 sp=0x000000a31dffcb40
Event: 1.892 Thread 0x00000267e0289040 DEOPT UNPACKING pc=0x00000267cc11d72e sp=0x000000a31dffcae0 mode 2
Event: 1.894 Thread 0x00000267e0289040 Uncommon trap: trap_request=0xffffff45 fr.pc=0x00000267d3c15108 relative=0x0000000000000268
Event: 1.894 Thread 0x00000267e0289040 Uncommon trap: reason=unstable_if action=reinterpret pc=0x00000267d3c15108 method=java.util.concurrent.ConcurrentHashMap.get(Ljava/lang/Object;)Ljava/lang/Object; @ 76 c2
Event: 1.894 Thread 0x00000267e0289040 DEOPT PACKING pc=0x00000267d3c15108 sp=0x000000a31dffc2d0
Event: 1.894 Thread 0x00000267e0289040 DEOPT UNPACKING pc=0x00000267cc11d72e sp=0x000000a31dffc248 mode 2
Event: 1.902 Thread 0x00000267e0289040 DEOPT PACKING pc=0x00000267cc764042 sp=0x000000a31dffc350
Event: 1.902 Thread 0x00000267e0289040 DEOPT UNPACKING pc=0x00000267cc11dece sp=0x000000a31dffb7a0 mode 0
Event: 1.979 Thread 0x00000267e0289040 Uncommon trap: trap_request=0xffffff45 fr.pc=0x00000267d3c05704 relative=0x0000000000000064
Event: 1.979 Thread 0x00000267e0289040 Uncommon trap: reason=unstable_if action=reinterpret pc=0x00000267d3c05704 method=java.io.WinNTFileSystem.isSlash(C)Z @ 9 c2
Event: 1.979 Thread 0x00000267e0289040 DEOPT PACKING pc=0x00000267d3c05704 sp=0x000000a31dffc380
Event: 1.979 Thread 0x00000267e0289040 DEOPT UNPACKING pc=0x00000267cc11d72e sp=0x000000a31dffc308 mode 2
Event: 2.633 Thread 0x00000267e02eb4c0 Uncommon trap: trap_request=0xffffff45 fr.pc=0x00000267d3bf5ab8 relative=0x0000000000000038
Event: 2.633 Thread 0x00000267e02eb4c0 Uncommon trap: reason=unstable_if action=reinterpret pc=0x00000267d3bf5ab8 method=java.lang.StringLatin1.canEncode(I)Z @ 4 c2
Event: 2.633 Thread 0x00000267e02eb4c0 DEOPT PACKING pc=0x00000267d3bf5ab8 sp=0x000000a31e2fc720
Event: 2.633 Thread 0x00000267e02eb4c0 DEOPT UNPACKING pc=0x00000267cc11d72e sp=0x000000a31e2fc6b0 mode 2

Classes unloaded (0 events):
No events

Classes redefined (0 events):
No events

Internal exceptions (20 events):
Event: 2.207 Thread 0x00000267e0289040 Exception <a 'sun/nio/fs/WindowsException'{0x00000000ee7f2800}> (0x00000000ee7f2800) 
thrown [t:\workspace\open\src\hotspot\share\prims\jni.cpp, line 579]
Event: 2.214 Thread 0x00000267e0289040 Exception <a 'sun/nio/fs/WindowsException'{0x00000000ee7f4a30}> (0x00000000ee7f4a30) 
thrown [t:\workspace\open\src\hotspot\share\prims\jni.cpp, line 579]
Event: 2.221 Thread 0x00000267e0289040 Exception <a 'sun/nio/fs/WindowsException'{0x00000000ee7f6c40}> (0x00000000ee7f6c40) 
thrown [t:\workspace\open\src\hotspot\share\prims\jni.cpp, line 579]
Event: 2.228 Thread 0x00000267e0289040 Exception <a 'sun/nio/fs/WindowsException'{0x00000000ee7f8e50}> (0x00000000ee7f8e50) 
thrown [t:\workspace\open\src\hotspot\share\prims\jni.cpp, line 579]
Event: 2.235 Thread 0x00000267e0289040 Exception <a 'sun/nio/fs/WindowsException'{0x00000000ee7fb030}> (0x00000000ee7fb030) 
thrown [t:\workspace\open\src\hotspot\share\prims\jni.cpp, line 579]
Event: 2.242 Thread 0x00000267e0289040 Exception <a 'sun/nio/fs/WindowsException'{0x00000000ee7fd208}> (0x00000000ee7fd208) 
thrown [t:\workspace\open\src\hotspot\share\prims\jni.cpp, line 579]
Event: 2.249 Thread 0x00000267e0289040 Exception <a 'sun/nio/fs/WindowsException'{0x00000000ee7ff3d8}> (0x00000000ee7ff3d8) 
thrown [t:\workspace\open\src\hotspot\share\prims\jni.cpp, line 579]
Event: 2.255 Thread 0x00000267e0289040 Exception <a 'sun/nio/fs/WindowsException'{0x00000000ee601b10}> (0x00000000ee601b10) 
thrown [t:\workspace\open\src\hotspot\share\prims\jni.cpp, line 579]
Event: 2.263 Thread 0x00000267e0289040 Exception <a 'sun/nio/fs/WindowsException'{0x00000000ee603c60}> (0x00000000ee603c60) 
thrown [t:\workspace\open\src\hotspot\share\prims\jni.cpp, line 579]
Event: 2.280 Thread 0x00000267e0289040 Exception <a 'sun/nio/fs/WindowsException'{0x00000000ee605d58}> (0x00000000ee605d58) 
thrown [t:\workspace\open\src\hotspot\share\prims\jni.cpp, line 579]
Event: 2.289 Thread 0x00000267e0289040 Exception <a 'sun/nio/fs/WindowsException'{0x00000000ee607e78}> (0x00000000ee607e78) 
thrown [t:\workspace\open\src\hotspot\share\prims\jni.cpp, line 579]
Event: 2.298 Thread 0x00000267e0289040 Exception <a 'sun/nio/fs/WindowsException'{0x00000000ee60a178}> (0x00000000ee60a178) 
thrown [t:\workspace\open\src\hotspot\share\prims\jni.cpp, line 579]
Event: 2.380 Thread 0x00000267e0289040 Exception <a 'java/lang/NoSuchMethodError'{0x00000000ee6c3580}: 'void java.lang.invoke.DirectMethodHandle$Holder.invokeStatic(java.lang.Object, java.lang.Object, java.lang.Object)'> (0x00000000ee6c3580) 
thrown [t:\workspace\open\src\hotspot\share\interpreter\linkResolver.cpp, line 790]
Event: 2.398 Thread 0x00000267e0a1a010 Exception <a 'sun/nio/fs/WindowsException'{0x00000000ee53c578}> (0x00000000ee53c578) 
thrown [t:\workspace\open\src\hotspot\share\prims\jni.cpp, line 579]
Event: 2.417 Thread 0x00000267e0289040 Exception <a 'java/lang/NoSuchMethodError'{0x00000000ee6d2208}: 'int java.lang.invoke.DirectMethodHandle$Holder.invokeStaticInit(java.lang.Object, java.lang.Object, java.lang.Object)'> (0x00000000ee6d2208) 
thrown [t:\workspace\open\src\hotspot\share\interpreter\linkResolver.cpp, line 790]
Event: 2.526 Thread 0x00000267e02eb4c0 Exception <a 'java/lang/NoSuchMethodError'{0x00000000ee44a208}: 'void java.lang.invoke.DirectMethodHandle$Holder.invokeStaticInit(java.lang.Object)'> (0x00000000ee44a208) 
thrown [t:\workspace\open\src\hotspot\share\interpreter\linkResolver.cpp, line 790]
Event: 2.621 Thread 0x00000267e02eb4c0 Exception <a 'java/lang/NoSuchMethodError'{0x00000000ee3de378}: 'java.lang.Object java.lang.invoke.DirectMethodHandle$Holder.invokeStaticInit(java.lang.Object, java.lang.Object, java.lang.Object, java.lang.Object)'> (0x00000000ee3de378) 
thrown [t:\workspace\open\src\hotspot\share\interpreter\linkResolver.cpp, line 790]
Event: 2.624 Thread 0x00000267e02eb4c0 Exception <a 'java/lang/NullPointerException'{0x00000000ee3e7e48}> (0x00000000ee3e7e48) 
thrown [t:\workspace\open\src\hotspot\share\interpreter\linkResolver.cpp, line 1385]
Event: 2.754 Thread 0x00000267e02eb4c0 Exception <a 'sun/nio/fs/WindowsException'{0x00000000ee12cc90}> (0x00000000ee12cc90) 
thrown [t:\workspace\open\src\hotspot\share\prims\jni.cpp, line 579]
Event: 2.910 Thread 0x00000267e02eb4c0 Exception <a 'java/lang/NoSuchMethodError'{0x00000000ee164690}: fwkIsMainThread> (0x00000000ee164690) 
thrown [t:\workspace\open\src\hotspot\share\prims\jni.cpp, line 1176]

Events (20 events):
Event: 2.538 Thread 0x00000267e0a80050 Thread added: 0x00000267e0a80050
Event: 2.538 loading class java/util/concurrent/TimeUnit$1
Event: 2.538 loading class java/util/concurrent/TimeUnit$1 done
Event: 2.577 loading class java/util/EventObject
Event: 2.577 loading class java/util/EventObject done
Event: 2.666 Executing  VM operation: Cleanup
Event: 2.666 Executing  VM operation: Cleanup done
Event: 2.732 loading class java/lang/StrictMath
Event: 2.732 loading class java/lang/StrictMath done
Event: 2.734 loading class java/util/concurrent/Executors$DelegatedScheduledExecutorService
Event: 2.734 loading class java/util/concurrent/Executors$DelegatedExecutorService
Event: 2.734 loading class java/util/concurrent/Executors$DelegatedExecutorService done
Event: 2.734 loading class java/util/concurrent/Executors$DelegatedScheduledExecutorService done
Event: 2.750 loading class java/net/CookieHandler
Event: 2.750 loading class java/net/CookieHandler done
Event: 2.885 Loaded shared library C:\ade\workspace\jfx\rt\build\sdk\bin\jfxwebkit.dll
Event: 2.889 loading class java/io/UnsupportedEncodingException
Event: 2.889 loading class java/io/UnsupportedEncodingException done
Event: 2.890 loading class java/awt/image/RenderedImage
Event: 2.890 loading class java/awt/image/RenderedImage done


Dynamic libraries:
0x00007ff690010000 - 0x00007ff690020000 	C:\ade\workspace\tools\jdk\16\jdk-16.0.1\bin\java.exe
0x00007ff96ced0000 - 0x00007ff96d0c5000 	C:\WINDOWS\SYSTEM32\ntdll.dll
0x00007ff96c920000 - 0x00007ff96c9dd000 	C:\WINDOWS\System32\KERNEL32.DLL
0x00007ff96aae0000 - 0x00007ff96ada8000 	C:\WINDOWS\System32\KERNELBASE.dll
0x00007ff96adb0000 - 0x00007ff96aeb0000 	C:\WINDOWS\System32\ucrtbase.dll
0x00007ff94f690000 - 0x00007ff94f6a8000 	C:\ade\workspace\tools\jdk\16\jdk-16.0.1\bin\jli.dll
0x00007ff96cae0000 - 0x00007ff96cb8c000 	C:\WINDOWS\System32\ADVAPI32.dll
0x00007ff96c880000 - 0x00007ff96c91e000 	C:\WINDOWS\System32\msvcrt.dll
0x00007ff951440000 - 0x00007ff951459000 	C:\ade\workspace\tools\jdk\16\jdk-16.0.1\bin\VCRUNTIME140.dll
0x00007ff96c9e0000 - 0x00007ff96ca7b000 	C:\WINDOWS\System32\sechost.dll
0x00007ff96c370000 - 0x00007ff96c49b000 	C:\WINDOWS\System32\RPCRT4.dll
0x00007ff96c6c0000 - 0x00007ff96c860000 	C:\WINDOWS\System32\USER32.dll
0x00007ff96aa10000 - 0x00007ff96aa32000 	C:\WINDOWS\System32\win32u.dll
0x00007ff96c680000 - 0x00007ff96c6aa000 	C:\WINDOWS\System32\GDI32.dll
0x00007ff96a900000 - 0x00007ff96aa0b000 	C:\WINDOWS\System32\gdi32full.dll
0x00007ff96aa40000 - 0x00007ff96aadd000 	C:\WINDOWS\System32\msvcp_win.dll
0x00007ff9691d0000 - 0x00007ff96946a000 	C:\WINDOWS\WinSxS\amd64_microsoft.windows.common-controls_6595b64144ccf1df_6.0.19041.844_none_ca00b6081b84eb1d\COMCTL32.dll
0x00007ff960fd0000 - 0x00007ff960fda000 	C:\WINDOWS\SYSTEM32\VERSION.dll
0x00007ff96c650000 - 0x00007ff96c680000 	C:\WINDOWS\System32\IMM32.DLL
0x00007ff95d100000 - 0x00007ff95d10c000 	C:\ade\workspace\tools\jdk\16\jdk-16.0.1\bin\vcruntime140_1.dll
0x00007ff93ff10000 - 0x00007ff93ffa1000 	C:\ade\workspace\tools\jdk\16\jdk-16.0.1\bin\msvcp140.dll
0x00007ff9149f0000 - 0x00007ff91559b000 	C:\ade\workspace\tools\jdk\16\jdk-16.0.1\bin\server\jvm.dll
0x00007ff96c870000 - 0x00007ff96c878000 	C:\WINDOWS\System32\PSAPI.DLL
0x00007ff953d50000 - 0x00007ff953d77000 	C:\WINDOWS\SYSTEM32\WINMM.dll
0x00007ff955df0000 - 0x00007ff955df9000 	C:\WINDOWS\SYSTEM32\WSOCK32.dll
0x00007ff96c300000 - 0x00007ff96c36b000 	C:\WINDOWS\System32\WS2_32.dll
0x00007ff968270000 - 0x00007ff968282000 	C:\WINDOWS\SYSTEM32\kernel.appcore.dll
0x00007ff9522b0000 - 0x00007ff9522ba000 	C:\ade\workspace\tools\jdk\16\jdk-16.0.1\bin\jimage.dll
0x00007ff967870000 - 0x00007ff967a54000 	C:\WINDOWS\SYSTEM32\DBGHELP.DLL
0x00007ff951dd0000 - 0x00007ff951dfc000 	C:\WINDOWS\SYSTEM32\dbgcore.DLL
0x00007ff96aeb0000 - 0x00007ff96af30000 	C:\WINDOWS\System32\bcryptPrimitives.dll
0x00007ff941790000 - 0x00007ff9417b5000 	C:\ade\workspace\tools\jdk\16\jdk-16.0.1\bin\java.dll
0x00007ff96bb00000 - 0x00007ff96c242000 	C:\WINDOWS\System32\SHELL32.dll
0x00007ff968470000 - 0x00007ff968c01000 	C:\WINDOWS\SYSTEM32\windows.storage.dll
0x00007ff96af30000 - 0x00007ff96b285000 	C:\WINDOWS\System32\combase.dll
0x00007ff96a080000 - 0x00007ff96a0ac000 	C:\WINDOWS\SYSTEM32\Wldp.dll
0x00007ff96ccd0000 - 0x00007ff96cd7e000 	C:\WINDOWS\System32\SHCORE.dll
0x00007ff96ca80000 - 0x00007ff96cad5000 	C:\WINDOWS\System32\shlwapi.dll
0x00007ff96a550000 - 0x00007ff96a56f000 	C:\WINDOWS\SYSTEM32\profapi.dll
0x00007ff941770000 - 0x00007ff941789000 	C:\ade\workspace\tools\jdk\16\jdk-16.0.1\bin\net.dll
0x00007ff95e580000 - 0x00007ff95e68b000 	C:\WINDOWS\SYSTEM32\WINHTTP.dll
0x00007ff969df0000 - 0x00007ff969e5a000 	C:\WINDOWS\system32\mswsock.dll
0x00007ff9404e0000 - 0x00007ff9404f3000 	C:\ade\workspace\tools\jdk\16\jdk-16.0.1\bin\nio.dll
0x00007ff9404c0000 - 0x00007ff9404d8000 	C:\ade\workspace\tools\jdk\16\jdk-16.0.1\bin\zip.dll
0x00007ff951f00000 - 0x00007ff951f10000 	C:\ade\workspace\tools\jdk\16\jdk-16.0.1\bin\verify.dll
0x00007ff9446b0000 - 0x00007ff9446be000 	C:\ade\workspace\tools\jdk\16\jdk-16.0.1\bin\sunmscapi.dll
0x00007ff96a640000 - 0x00007ff96a79f000 	C:\WINDOWS\System32\CRYPT32.dll
0x00007ff96a0f0000 - 0x00007ff96a117000 	C:\WINDOWS\SYSTEM32\ncrypt.dll
0x00007ff96a0b0000 - 0x00007ff96a0eb000 	C:\WINDOWS\SYSTEM32\NTASN1.dll
0x00007ff943730000 - 0x00007ff943737000 	C:\WINDOWS\system32\wshunix.dll
0x00007ff969fc0000 - 0x00007ff969fd8000 	C:\WINDOWS\SYSTEM32\CRYPTSP.dll
0x00007ff969720000 - 0x00007ff969754000 	C:\WINDOWS\system32\rsaenh.dll
0x00007ff96a610000 - 0x00007ff96a637000 	C:\WINDOWS\System32\bcrypt.dll
0x00007ff96a510000 - 0x00007ff96a53e000 	C:\WINDOWS\SYSTEM32\USERENV.dll
0x00007ff969fe0000 - 0x00007ff969fec000 	C:\WINDOWS\SYSTEM32\CRYPTBASE.dll
0x00007ff969a90000 - 0x00007ff969acb000 	C:\WINDOWS\SYSTEM32\IPHLPAPI.DLL
0x00007ff96c860000 - 0x00007ff96c868000 	C:\WINDOWS\System32\NSI.dll
0x00007ff963e50000 - 0x00007ff963e67000 	C:\WINDOWS\SYSTEM32\dhcpcsvc6.DLL
0x00007ff963da0000 - 0x00007ff963dbd000 	C:\WINDOWS\SYSTEM32\dhcpcsvc.DLL
0x00007ff969ae0000 - 0x00007ff969bac000 	C:\WINDOWS\SYSTEM32\DNSAPI.dll
0x00000267c48d0000 - 0x00000267c48d3000 	C:\ade\workspace\jfx\rt\build\sdk\bin\api-ms-win-core-console-l1-1-0.dll
0x00000267c48e0000 - 0x00000267c48e3000 	C:\ade\workspace\jfx\rt\build\sdk\bin\api-ms-win-core-console-l1-2-0.dll
0x00000267c48f0000 - 0x00000267c48f3000 	C:\ade\workspace\jfx\rt\build\sdk\bin\api-ms-win-core-datetime-l1-1-0.dll
0x00000267c4900000 - 0x00000267c4903000 	C:\ade\workspace\jfx\rt\build\sdk\bin\api-ms-win-core-debug-l1-1-0.dll
0x00000267c4910000 - 0x00000267c4913000 	C:\ade\workspace\jfx\rt\build\sdk\bin\api-ms-win-core-errorhandling-l1-1-0.dll
0x00000267c4920000 - 0x00000267c4924000 	C:\ade\workspace\jfx\rt\build\sdk\bin\api-ms-win-core-file-l1-1-0.dll
0x00000267df390000 - 0x00000267df393000 	C:\ade\workspace\jfx\rt\build\sdk\bin\api-ms-win-core-file-l1-2-0.dll
0x00000267df3a0000 - 0x00000267df3a3000 	C:\ade\workspace\jfx\rt\build\sdk\bin\api-ms-win-core-file-l2-1-0.dll
0x00000267df3b0000 - 0x00000267df3b3000 	C:\ade\workspace\jfx\rt\build\sdk\bin\api-ms-win-core-handle-l1-1-0.dll
0x00000267df3c0000 - 0x00000267df3c3000 	C:\ade\workspace\jfx\rt\build\sdk\bin\api-ms-win-core-heap-l1-1-0.dll
0x00000267df3d0000 - 0x00000267df3d3000 	C:\ade\workspace\jfx\rt\build\sdk\bin\api-ms-win-core-interlocked-l1-1-0.dll
0x00000267df3e0000 - 0x00000267df3e3000 	C:\ade\workspace\jfx\rt\build\sdk\bin\api-ms-win-core-libraryloader-l1-1-0.dll
0x00000267df3f0000 - 0x00000267df3f3000 	C:\ade\workspace\jfx\rt\build\sdk\bin\api-ms-win-core-localization-l1-2-0.dll
0x00000267e0800000 - 0x00000267e0803000 	C:\ade\workspace\jfx\rt\build\sdk\bin\api-ms-win-core-memory-l1-1-0.dll
0x00000267e0810000 - 0x00000267e0813000 	C:\ade\workspace\jfx\rt\build\sdk\bin\api-ms-win-core-namedpipe-l1-1-0.dll
0x00000267e0820000 - 0x00000267e0823000 	C:\ade\workspace\jfx\rt\build\sdk\bin\api-ms-win-core-processenvironment-l1-1-0.dll
0x00000267e0830000 - 0x00000267e0833000 	C:\ade\workspace\jfx\rt\build\sdk\bin\api-ms-win-core-processthreads-l1-1-0.dll
0x00000267e0840000 - 0x00000267e0843000 	C:\ade\workspace\jfx\rt\build\sdk\bin\api-ms-win-core-processthreads-l1-1-1.dll
0x00000267e0850000 - 0x00000267e0853000 	C:\ade\workspace\jfx\rt\build\sdk\bin\api-ms-win-core-profile-l1-1-0.dll
0x00000267e0860000 - 0x00000267e0863000 	C:\ade\workspace\jfx\rt\build\sdk\bin\api-ms-win-core-rtlsupport-l1-1-0.dll
0x00000267e0870000 - 0x00000267e0873000 	C:\ade\workspace\jfx\rt\build\sdk\bin\api-ms-win-core-string-l1-1-0.dll
0x00000267e0880000 - 0x00000267e0883000 	C:\ade\workspace\jfx\rt\build\sdk\bin\api-ms-win-core-synch-l1-1-0.dll
0x00000267e0890000 - 0x00000267e0893000 	C:\ade\workspace\jfx\rt\build\sdk\bin\api-ms-win-core-synch-l1-2-0.dll
0x00000267e08a0000 - 0x00000267e08a3000 	C:\ade\workspace\jfx\rt\build\sdk\bin\api-ms-win-core-sysinfo-l1-1-0.dll
0x00000267e08b0000 - 0x00000267e08b3000 	C:\ade\workspace\jfx\rt\build\sdk\bin\api-ms-win-core-timezone-l1-1-0.dll
0x00000267e08c0000 - 0x00000267e08c3000 	C:\ade\workspace\jfx\rt\build\sdk\bin\api-ms-win-core-util-l1-1-0.dll
0x00000267e08d0000 - 0x00000267e08d3000 	C:\ade\workspace\jfx\rt\build\sdk\bin\api-ms-win-crt-conio-l1-1-0.dll
0x00000267e08e0000 - 0x00000267e08e4000 	C:\ade\workspace\jfx\rt\build\sdk\bin\api-ms-win-crt-convert-l1-1-0.dll
0x00000267e08f0000 - 0x00000267e08f3000 	C:\ade\workspace\jfx\rt\build\sdk\bin\api-ms-win-crt-environment-l1-1-0.dll
0x00000267e0900000 - 0x00000267e0903000 	C:\ade\workspace\jfx\rt\build\sdk\bin\api-ms-win-crt-filesystem-l1-1-0.dll
0x00000267e0910000 - 0x00000267e0913000 	C:\ade\workspace\jfx\rt\build\sdk\bin\api-ms-win-crt-heap-l1-1-0.dll
0x00000267e0920000 - 0x00000267e0923000 	C:\ade\workspace\jfx\rt\build\sdk\bin\api-ms-win-crt-locale-l1-1-0.dll
0x00000267e0930000 - 0x00000267e0935000 	C:\ade\workspace\jfx\rt\build\sdk\bin\api-ms-win-crt-math-l1-1-0.dll
0x00000267e0940000 - 0x00000267e0945000 	C:\ade\workspace\jfx\rt\build\sdk\bin\api-ms-win-crt-multibyte-l1-1-0.dll
0x00000267e0950000 - 0x00000267e0960000 	C:\ade\workspace\jfx\rt\build\sdk\bin\api-ms-win-crt-private-l1-1-0.dll
0x00000267e0960000 - 0x00000267e0963000 	C:\ade\workspace\jfx\rt\build\sdk\bin\api-ms-win-crt-process-l1-1-0.dll
0x00000267e0970000 - 0x00000267e0974000 	C:\ade\workspace\jfx\rt\build\sdk\bin\api-ms-win-crt-runtime-l1-1-0.dll
0x00000267e1c90000 - 0x00000267e1c94000 	C:\ade\workspace\jfx\rt\build\sdk\bin\api-ms-win-crt-stdio-l1-1-0.dll
0x00000267e1ca0000 - 0x00000267e1ca4000 	C:\ade\workspace\jfx\rt\build\sdk\bin\api-ms-win-crt-string-l1-1-0.dll
0x00000267e1cb0000 - 0x00000267e1cb3000 	C:\ade\workspace\jfx\rt\build\sdk\bin\api-ms-win-crt-time-l1-1-0.dll
0x00000267e1cc0000 - 0x00000267e1cc3000 	C:\ade\workspace\jfx\rt\build\sdk\bin\api-ms-win-crt-utility-l1-1-0.dll
0x00007ff9403c0000 - 0x00007ff9404ba000 	C:\ade\workspace\jfx\rt\build\sdk\bin\ucrtbase.dll
0x00007ff9585a0000 - 0x00007ff9585b9000 	C:\ade\workspace\jfx\rt\build\sdk\bin\vcruntime140.dll
0x00007ff967020000 - 0x00007ff96702c000 	C:\ade\workspace\jfx\rt\build\sdk\bin\vcruntime140_1.dll
0x00007ff940320000 - 0x00007ff9403b1000 	C:\ade\workspace\jfx\rt\build\sdk\bin\msvcp140.dll
0x00007ff951460000 - 0x00007ff951472000 	C:\ade\workspace\jfx\rt\build\sdk\bin\prism_sw.dll
0x00007ff90e6e0000 - 0x00007ff912343000 	C:\ade\workspace\jfx\rt\build\sdk\bin\jfxwebkit.dll
0x00007ff967660000 - 0x00007ff9676fe000 	C:\WINDOWS\system32\uxtheme.dll

dbghelp: loaded successfully - version: 4.0.5 - missing functions: none
symbol engine: initialized successfully - sym options: 0x614 - pdb path: .;C:\ade\workspace\tools\jdk\16\jdk-16.0.1\bin;C:\WINDOWS\SYSTEM32;C:\WINDOWS\WinSxS\amd64_microsoft.windows.common-controls_6595b64144ccf1df_6.0.19041.844_none_ca00b6081b84eb1d;C:\ade\workspace\tools\jdk\16\jdk-16.0.1\bin\server;C:\ade\workspace\jfx\rt\build\sdk\bin

VM Arguments:
jvm_args: -DWEB_ARCHIVE_JAR_TEST_DIR=C:\ade\workspace\jfx\rt\modules\javafx.web\build\testing\resources -Dglass.platform=Monocle -Djava.library.path=C:/ade/workspace/jfx/rt/build/sdk/bin -Djava.security.manager=allow -Dmonocle.platform=Headless -Dorg.gradle.internal.worker.tmpdir=C:\ade\workspace\jfx\rt\modules\javafx.web\build\tmp\test\work -Dorg.gradle.native=false -Dprism.order=sw -Dunstable.test=false --module-path=C:\ade\workspace\jfx\rt\build\shims\javafx.base;C:\ade\workspace\jfx\rt\build\shims\javafx.graphics;C:\ade\workspace\jfx\rt\build\shims\javafx.controls;C:\ade\workspace\jfx\rt\build\sdk\lib\javafx.media.jar;C:\ade\workspace\jfx\rt\build\shims\javafx.web --add-modules=javafx.base,javafx.graphics,javafx.controls,javafx.media,javafx.web --add-exports=javafx.graphics/com.sun.javafx.application=ALL-UNNAMED --add-exports=javafx.graphics/com.sun.glass.utils=ALL-UNNAMED --add-exports=javafx.base/com.sun.javafx.collections=ALL-UNNAMED --add-exports=javafx.base/com.sun.javafx.property=ALL-UNNAMED --add-exports=javafx.base/com.sun.javafx=ALL-UNNAMED --add-exports=javafx.base/com.sun.javafx.event=ALL-UNNAMED --add-exports=javafx.graphics/com.sun.glass.ui=ALL-UNNAMED --add-exports=javafx.graphics/com.sun.javafx.animation=ALL-UNNAMED --add-exports=javafx.graphics/com.sun.javafx.css=ALL-UNNAMED --add-exports=javafx.graphics/com.sun.javafx.css.parser=ALL-UNNAMED --add-exports=javafx.graphics/com.sun.javafx.embed=ALL-UNNAMED --add-exports=javafx.graphics/com.sun.javafx.font=ALL-UNNAMED --add-exports=javafx.graphics/com.sun.javafx.geom=ALL-UNNAMED --add-exports=javafx.graphics/com.sun.javafx.geom.transform=ALL-UNNAMED --add-exports=javafx.graphics/com.sun.javafx.iio.bmp=ALL-UNNAMED --add-exports=javafx.graphics/com.sun.javafx.iio.common=ALL-UNNAMED --add-exports=javafx.graphics/com.sun.javafx.iio.gif=ALL-UNNAMED --add-exports=javafx.graphics/com.sun.javafx.iio=ALL-UNNAMED --add-exports=javafx.graphics/com.sun.javafx.iio.png=ALL-UNNAMED --add-exports=javafx.graphics/com.sun.javafx.image.impl=ALL-UNNAMED --add-exports=javafx.graphics/com.sun.javafx.image=ALL-UNNAMED --add-exports=javafx.graphics/com.sun.javafx.menu=ALL-UNNAMED --add-exports=javafx.graphics/com.sun.javafx.perf=ALL-UNNAMED --add-exports=javafx.graphics/com.sun.javafx.print=ALL-UNNAMED --add-exports=javafx.graphics/com.sun.javafx.runtime.async=ALL-UNNAMED --add-exports=javafx.graphics/com.sun.javafx.scene.input=ALL-UNNAMED --add-exports=javafx.graphics/com.sun.javafx.scene=ALL-UNNAMED --add-exports=javafx.graphics/com.sun.javafx.scene.layout.region=ALL-UNNAMED --add-exports=javafx.graphics/com.sun.javafx.scene.text=ALL-UNNAMED --add-exports=javafx.graphics/com.sun.javafx.scene.transform=ALL-UNNAMED --add-exports=javafx.graphics/com.sun.javafx.scene.traversal=ALL-UNNAMED --add-exports=javafx.graphics/com.sun.javafx.sg.prism=ALL-UNNAMED --add-exports=javafx.graphics/com.sun.javafx.stage=ALL-UNNAMED --add-exports=javafx.graphics/com.sun.javafx.tk=ALL-UNNAMED --add-exports=javafx.graphics/com.sun.javafx.tk.quantum=ALL-UNNAMED --add-exports=javafx.graphics/com.sun.javafx.util=ALL-UNNAMED --add-exports=javafx.graphics/com.sun.prism.impl=ALL-UNNAMED --add-exports=javafx.graphics/com.sun.prism.impl.shape=ALL-UNNAMED --add-exports=javafx.graphics/com.sun.prism=ALL-UNNAMED --add-exports=javafx.graphics/com.sun.prism.paint=ALL-UNNAMED --add-exports=javafx.graphics/com.sun.scenario.animation=ALL-UNNAMED --add-exports=javafx.graphics/com.sun.scenario.animation.shared=ALL-UNNAMED --add-exports=javafx.graphics/com.sun.scenario.effect=ALL-UNNAMED --add-exports=javafx.graphics/com.sun.scenario.effect.light=ALL-UNNAMED --add-exports=javafx.graphics/com.sun.scenario=ALL-UNNAMED --add-exports=javafx.web/com.sun.javafx.scene.web=ALL-UNNAMED --add-exports=javafx.web/com.sun.javafx.webkit.prism=ALL-UNNAMED --add-exports=javafx.web/com.sun.javafx.webkit=ALL-UNNAMED --add-exports=javafx.web/com.sun.webkit.dom=ALL-UNNAMED --add-exports=javafx.web/com.sun.webkit.event=ALL-UNNAMED --add-exports=javafx.web/com.sun.webkit.graphics=ALL-UNNAMED --add-exports=javafx.web/com.sun.webkit.network=ALL-UNNAMED --add-exports=javafx.web/com.sun.webkit.text=ALL-UNNAMED --add-exports=javafx.web/com.sun.webkit=ALL-UNNAMED --add-opens=java.base/java.util=ALL-UNNAMED --add-opens=java.base/java.lang=ALL-UNNAMED -Xmx512m -Dfile.encoding=windows-1252 -Duser.country=US -Duser.language=en -Duser.variant -ea 
java_command: worker.org.gradle.process.internal.worker.GradleWorkerMain 'Gradle Test Executor 4'
java_class_path (initial): C:\\Users\\arapte.ORADEV\\.gradle\\caches\\7.0.1\\workerMain\\gradle-worker.jar;C:\\ade\\workspace\\jfx\\rt\\modules\\javafx.web\\build\\classes\\java\\test;C:\\ade\\workspace\\jfx\\rt\\modules\\javafx.web\\build\\resources\\test;C:\\ade\\workspace\\jfx\\rt\\modules\\javafx.web\\build\\classes\\java\\main;C:\\ade\\workspace\\jfx\\rt\\modules\\javafx.web\\build\\classes\\java\\main\\javafx.web;C:\\ade\\workspace\\jfx\\rt\\modules\\javafx.controls\\build\\libs\\controls.jar;C:\\ade\\workspace\\jfx\\rt\\modules\\javafx.media\\build\\libs\\media.jar;C:\\ade\\workspace\\jfx\\rt\\modules\\javafx.graphics\\build\\libs\\graphics.jar;C:\\ade\\workspace\\jfx\\rt\\modules\\javafx.base\\build\\libs\\base.jar;C:\\Users\\arapte.ORADEV\\.gradle\\caches\\modules-2\\files-2.1\\junit\\junit\\4.8.2\\c94f54227b08100974c36170dcb53329435fe5ad\\junit-4.8.2.jar;C:\\ade\\workspace\\jfx\\rt\\modules\\javafx.web\\build\\classes\\java\\shims;C:\\ade\\workspace\\jfx\\rt\\modules\\javafx.web\\build\\classes\\java\\shims\\javafx.web
Launcher Type: SUN_STANDARD

[Global flags]
     intx CICompilerCount                          = 4                                         {product} {ergonomic}
     uint ConcGCThreads                            = 2                                         {product} {ergonomic}
     uint G1ConcRefinementThreads                  = 8                                         {product} {ergonomic}
   size_t G1HeapRegionSize                         = 1048576                                   {product} {ergonomic}
    uintx GCDrainStackTargetSize                   = 64                                        {product} {ergonomic}
   size_t InitialHeapSize                          = 268435456                                 {product} {ergonomic}
   size_t MarkStackSize                            = 4194304                                   {product} {ergonomic}
   size_t MaxHeapSize                              = 536870912                                 {product} {command line}
   size_t MaxNewSize                               = 321912832                                 {product} {ergonomic}
   size_t MinHeapDeltaBytes                        = 1048576                                   {product} {ergonomic}
   size_t MinHeapSize                              = 8388608                                   {product} {ergonomic}
    uintx NonNMethodCodeHeapSize                   = 5839372                                {pd product} {ergonomic}
    uintx NonProfiledCodeHeapSize                  = 122909434                              {pd product} {ergonomic}
    uintx ProfiledCodeHeapSize                     = 122909434                              {pd product} {ergonomic}
    uintx ReservedCodeCacheSize                    = 251658240                              {pd product} {ergonomic}
     bool SegmentedCodeCache                       = true                                      {product} {ergonomic}
   size_t SoftMaxHeapSize                          = 536870912                              {manageable} {ergonomic}
     bool UseCompressedClassPointers               = true                           {product lp64_product} {ergonomic}
     bool UseCompressedOops                        = true                           {product lp64_product} {ergonomic}
     bool UseG1GC                                  = true                                      {product} {ergonomic}
     bool UseLargePagesIndividualAllocation        = false                                  {pd product} {ergonomic}

Logging:
Log output configuration:
 #0: stdout all=warning uptime,level,tags
 #1: stderr all=off uptime,level,tags

Environment Variables:
JAVA_HOME=C:\ade\workspace\tools\jdk\16\jdk-16.0.1
PATH=C;C:\ade\vm_share\fx\8u-cpu-scripts\bin;C;C:\ade\workspace\tools\jdk\16\jdk-16.0.1\bin;C;C:\ade\workspace\tools\gradle\gradle-7.0.1\bin;C;C:\ade\workspace\tools\ant\apache-ant-1.10.5\bin;C;C:\Program Files\SublimeText3;C:\ade\cygwin64\usr\local\bin;C:\ade\cygwin64\bin;C:\WINDOWS\system32;C:\WINDOWS;C:\WINDOWS\System32\Wbem;C:\WINDOWS\System32\WindowsPowerShell\v1.0;C:\WINDOWS\System32\OpenSSH;C:\Program Files\Git\cmd;C:\Program Files\Intel\WiFi\bin;C:\Program Files\Common Files\Intel\WirelessCommon;C:\Program Files\TortoiseHg;C:\Users\arapte.ORADEV\AppData\Local\Microsoft\WindowsApps
USERNAME=arapte
SHELL=/bin/bash
LC_CTYPE=en_US.UTF-8
TZ=Asia/Kolkata
OS=Windows_NT
PROCESSOR_IDENTIFIER=Intel64 Family 6 Model 142 Stepping 10, GenuineIntel



---------------  S Y S T E M  ---------------

OS:
 Windows 10 , 64 bit Build 19041 (10.0.19041.928)
OS uptime: 3 days 12:46 hours

CPU: total 8 (initial active 8) (4 cores per cpu, 2 threads per core) family 6 model 142 stepping 10 microcode 0xb4, cx8, cmov, fxsr, ht, mmx, 3dnowpref, sse, sse2, sse3, ssse3, sse4.1, sse4.2, popcnt, lzcnt, tsc, tscinvbit, avx, avx2, aes, erms, clmul, bmi1, bmi2, rtm, adx, fma, vzeroupper, clflush, clflushopt

Memory: 4k page, system-wide physical 16258M (6478M free)
TotalPageFile size 21378M (AvailPageFile size 6596M)
current process WorkingSet (physical memory assigned to process): 101M, peak: 101M
current process commit charge ("private bytes"): 369M, peak: 369M

vm_info: Java HotSpot(TM) 64-Bit Server VM (16.0.1+9-24) for windows-amd64 JRE (16.0.1+9-24), built on Mar 26 2021 19:31:42 by "mach5one" with MS VC++ 16.7 (VS2019)

END.
